This is pdfTeX, Version 3.14159265-2.6-1.40.20 (MiKTeX 2.9.7140 64-bit) (preloaded format=pdflatex 2019.9.17)  20 SEP 2019 16:05
entering extended mode
**./HSR_SRS_main.tex
(HSR_SRS_main.tex
LaTeX2e <2018-12-01>
(config.tex) (header.tex
("C:\Users\mtischha\AppData\Local\Programs\MiKTeX 2.9\tex/latex/koma-script\scr
artcl.cls"
Document Class: scrartcl 2019/02/01 v3.26b KOMA-Script document class (article)


("C:\Users\mtischha\AppData\Local\Programs\MiKTeX 2.9\tex/latex/koma-script\scr
kbase.sty"
Package: scrkbase 2019/02/01 v3.26b KOMA-Script package (KOMA-Script-dependent 
basics and keyval usage)

("C:\Users\mtischha\AppData\Local\Programs\MiKTeX 2.9\tex/latex/koma-script\scr
base.sty"
Package: scrbase 2019/02/01 v3.26b KOMA-Script package (KOMA-Script-independent
 basics and keyval usage)

("C:\Users\mtischha\AppData\Local\Programs\MiKTeX 2.9\tex/latex/graphics\keyval
.sty"
Package: keyval 2014/10/28 v1.15 key=value parser (DPC)
\KV@toks@=\toks14
)
("C:\Users\mtischha\AppData\Local\Programs\MiKTeX 2.9\tex/latex/koma-script\scr
lfile.sty"
Package: scrlfile 2019/02/01 v3.26b KOMA-Script package (loading files)
)))
("C:\Users\mtischha\AppData\Local\Programs\MiKTeX 2.9\tex/latex/koma-script\toc
basic.sty"
Package: tocbasic 2019/02/01 v3.26b KOMA-Script package (handling toc-files)
\scr@dte@tocline@numberwidth=\skip41
\scr@dte@tocline@numbox=\box27
)
Package tocbasic Info: omitting babel extension for `toc'
(tocbasic)             because of feature `nobabel' available
(tocbasic)             for `toc' on input line 134.
Package scrartcl Info: You've used standard option `11pt'.
(scrartcl)             This is correct!
(scrartcl)             Internally I'm using `fontsize=11pt'.
(scrartcl)             If you'd like to set the option with \KOMAoptions,
(scrartcl)             you'd have to use `fontsize=11pt' there
(scrartcl)             instead of `11pt', too.
Class scrartcl Info: You've used standard option `oneside'.
(scrartcl)           This is correct!
(scrartcl)           Internally I'm using `twoside=false'.
(scrartcl)           If you'd like to set the option with \KOMAoptions,
(scrartcl)           you'd have to use `twoside=false' there
(scrartcl)           instead of `oneside', too.
Class scrartcl Info: File `scrsize11pt.clo' used to setup font sizes on input l
ine 2162.

("C:\Users\mtischha\AppData\Local\Programs\MiKTeX 2.9\tex/latex/koma-script\scr
size11pt.clo"
File: scrsize11pt.clo 2019/02/01 v3.26b KOMA-Script font size class option (11p
t)
)
("C:\Users\mtischha\AppData\Local\Programs\MiKTeX 2.9\tex/latex/koma-script\typ
earea.sty"
Package: typearea 2019/02/01 v3.26b KOMA-Script package (type area)
\ta@bcor=\skip42
\ta@div=\count80
Package typearea Info: You've used standard option `oneside'.
(typearea)             This is correct!
(typearea)             Internally I'm using `twoside=false'.
(typearea)             If you'd like to set the option with \KOMAoptions,
(typearea)             you'd have to use `twoside=false' there
(typearea)             instead of `oneside', too.
\ta@hblk=\skip43
\ta@vblk=\skip44
\ta@temp=\skip45
\footheight=\skip46
Package typearea Info: These are the values describing the layout:
(typearea)             DIV  = 10
(typearea)             BCOR = 0.0pt
(typearea)             \paperwidth      = 597.50793pt
(typearea)              \textwidth      = 418.25555pt
(typearea)              DIV departure   = -6%
(typearea)              \evensidemargin = 17.3562pt
(typearea)              \oddsidemargin  = 17.3562pt
(typearea)             \paperheight     = 845.04694pt
(typearea)              \textheight     = 595.80026pt
(typearea)              \topmargin      = -25.16531pt
(typearea)              \headheight     = 17.0pt
(typearea)              \headsep        = 20.40001pt
(typearea)              \topskip        = 11.0pt
(typearea)              \footskip       = 47.6pt
(typearea)              \baselineskip   = 13.6pt
(typearea)              on input line 1715.
)
\c@part=\count81
\c@section=\count82
\c@subsection=\count83
\c@subsubsection=\count84
\c@paragraph=\count85
\c@subparagraph=\count86
\scr@dte@section@maxnumwidth=\skip47
Class scrartcl Info: using compatibility default `runin=bysign'
(scrartcl)           for `\section on input line 4489.
Class scrartcl Info: using compatibility default `afterindent=bysign'
(scrartcl)           for `\section on input line 4489.
\scr@dte@part@maxnumwidth=\skip48
Class scrartcl Info: using compatibility default `afterindent=false'
(scrartcl)           for `\part on input line 4497.
\scr@dte@subsection@maxnumwidth=\skip49
Class scrartcl Info: using compatibility default `runin=bysign'
(scrartcl)           for `\subsection on input line 4507.
Class scrartcl Info: using compatibility default `afterindent=bysign'
(scrartcl)           for `\subsection on input line 4507.
\scr@dte@subsubsection@maxnumwidth=\skip50
Class scrartcl Info: using compatibility default `runin=bysign'
(scrartcl)           for `\subsubsection on input line 4517.
Class scrartcl Info: using compatibility default `afterindent=bysign'
(scrartcl)           for `\subsubsection on input line 4517.
\scr@dte@paragraph@maxnumwidth=\skip51
Class scrartcl Info: using compatibility default `runin=bysign'
(scrartcl)           for `\paragraph on input line 4527.
Class scrartcl Info: using compatibility default `afterindent=bysign'
(scrartcl)           for `\paragraph on input line 4527.
\scr@dte@subparagraph@maxnumwidth=\skip52
Class scrartcl Info: using compatibility default `runin=bysign'
(scrartcl)           for `\subparagraph on input line 4537.
Class scrartcl Info: using compatibility default `afterindent=bysign'
(scrartcl)           for `\subparagraph on input line 4537.
\abovecaptionskip=\skip53
\belowcaptionskip=\skip54
\c@pti@nb@sid@b@x=\box28
Package tocbasic Info: omitting babel extension for `lof'
(tocbasic)             because of feature `nobabel' available
(tocbasic)             for `lof' on input line 5781.
\scr@dte@figure@maxnumwidth=\skip55
\c@figure=\count87
Package tocbasic Info: omitting babel extension for `lot'
(tocbasic)             because of feature `nobabel' available
(tocbasic)             for `lot' on input line 5793.
\scr@dte@table@maxnumwidth=\skip56
\c@table=\count88
Class scrartcl Info: Redefining `\numberline' on input line 5957.
\bibindent=\dimen102
)
("C:\Users\mtischha\AppData\Local\Programs\MiKTeX 2.9\tex/latex/hyperref\hyperr
ef.sty"
Package: hyperref 2019/06/12 v6.88h Hypertext links for LaTeX

("C:\Users\mtischha\AppData\Local\Programs\MiKTeX 2.9\tex/generic/oberdiek\hobs
ub-hyperref.sty"
Package: hobsub-hyperref 2016/05/16 v1.14 Bundle oberdiek, subset hyperref (HO)


("C:\Users\mtischha\AppData\Local\Programs\MiKTeX 2.9\tex/generic/oberdiek\hobs
ub-generic.sty"
Package: hobsub-generic 2016/05/16 v1.14 Bundle oberdiek, subset generic (HO)
Package: hobsub 2016/05/16 v1.14 Construct package bundles (HO)
Package: infwarerr 2016/05/16 v1.4 Providing info/warning/error messages (HO)
Package: ltxcmds 2016/05/16 v1.23 LaTeX kernel commands for general use (HO)
Package: ifluatex 2016/05/16 v1.4 Provides the ifluatex switch (HO)
Package ifluatex Info: LuaTeX not detected.
Package: ifvtex 2016/05/16 v1.6 Detect VTeX and its facilities (HO)
Package ifvtex Info: VTeX not detected.
Package: intcalc 2016/05/16 v1.2 Expandable calculations with integers (HO)
Package: ifpdf 2018/09/07 v3.3 Provides the ifpdf switch
Package: etexcmds 2016/05/16 v1.6 Avoid name clashes with e-TeX commands (HO)
Package: kvsetkeys 2016/05/16 v1.17 Key value parser (HO)
Package: kvdefinekeys 2016/05/16 v1.4 Define keys (HO)
Package: pdftexcmds 2019/07/25 v0.30 Utility functions of pdfTeX for LuaTeX (HO
)
Package pdftexcmds Info: LuaTeX not detected.
Package pdftexcmds Info: \pdf@primitive is available.
Package pdftexcmds Info: \pdf@ifprimitive is available.
Package pdftexcmds Info: \pdfdraftmode found.
Package: pdfescape 2016/05/16 v1.14 Implements pdfTeX's escape features (HO)
Package: bigintcalc 2016/05/16 v1.4 Expandable calculations on big integers (HO
)
Package: bitset 2016/05/16 v1.2 Handle bit-vector datatype (HO)
Package: uniquecounter 2016/05/16 v1.3 Provide unlimited unique counter (HO)
)
Package hobsub Info: Skipping package `hobsub' (already loaded).
Package: letltxmacro 2016/05/16 v1.5 Let assignment for LaTeX macros (HO)
Package: hopatch 2016/05/16 v1.3 Wrapper for package hooks (HO)
Package: xcolor-patch 2016/05/16 xcolor patch
Package: atveryend 2016/05/16 v1.9 Hooks at the very end of document (HO)
Package atveryend Info: \enddocument detected (standard20110627).
Package: atbegshi 2016/06/09 v1.18 At begin shipout hook (HO)
Package: refcount 2016/05/16 v3.5 Data extraction from label references (HO)
Package: hycolor 2016/05/16 v1.8 Color options for hyperref/bookmark (HO)
)
("C:\Users\mtischha\AppData\Local\Programs\MiKTeX 2.9\tex/generic/ifxetex\ifxet
ex.sty"
Package: ifxetex 2010/09/12 v0.6 Provides ifxetex conditional
)
("C:\Users\mtischha\AppData\Local\Programs\MiKTeX 2.9\tex/latex/oberdiek\auxhoo
k.sty"
Package: auxhook 2016/05/16 v1.4 Hooks for auxiliary files (HO)
)
("C:\Users\mtischha\AppData\Local\Programs\MiKTeX 2.9\tex/latex/oberdiek\kvopti
ons.sty"
Package: kvoptions 2016/05/16 v3.12 Key value format for package options (HO)
)
\@linkdim=\dimen103
\Hy@linkcounter=\count89
\Hy@pagecounter=\count90

("C:\Users\mtischha\AppData\Local\Programs\MiKTeX 2.9\tex/latex/hyperref\pd1enc
.def"
File: pd1enc.def 2019/06/12 v6.88h Hyperref: PDFDocEncoding definition (HO)
Now handling font encoding PD1 ...
... no UTF-8 mapping file for font encoding PD1
)
\Hy@SavedSpaceFactor=\count91

("C:\Users\mtischha\AppData\Local\Programs\MiKTeX 2.9\tex/latex/00miktex\hyperr
ef.cfg"
File: hyperref.cfg 2002/06/06 v1.2 hyperref configuration of TeXLive
)

Package hyperref Warning: Token not allowed in a PDF string (PDFDocEncoding):
(hyperref)                removing `\unhbox' on input line 4424.


Package hyperref Warning: Token not allowed in a PDF string (PDFDocEncoding):
(hyperref)                removing `\voidb@x' on input line 4424.


Package hyperref Warning: Token not allowed in a PDF string (PDFDocEncoding):
(hyperref)                removing `\<let>-command' on input line 4424.


Package hyperref Warning: Token not allowed in a PDF string (PDFDocEncoding):
(hyperref)                removing `\unhbox' on input line 4424.


Package hyperref Warning: Token not allowed in a PDF string (PDFDocEncoding):
(hyperref)                removing `\voidb@x' on input line 4424.


Package hyperref Warning: Token not allowed in a PDF string (PDFDocEncoding):
(hyperref)                removing `\setbox' on input line 4424.


Package hyperref Warning: Token not allowed in a PDF string (PDFDocEncoding):
(hyperref)                removing `\@tempboxa' on input line 4424.


Package hyperref Warning: Token not allowed in a PDF string (PDFDocEncoding):
(hyperref)                removing `\hbox' on input line 4424.


Package hyperref Warning: Token not allowed in a PDF string (PDFDocEncoding):
(hyperref)                removing `\global' on input line 4424.


Package hyperref Warning: Token not allowed in a PDF string (PDFDocEncoding):
(hyperref)                removing `\mathchardef' on input line 4424.


Package hyperref Warning: Token not allowed in a PDF string (PDFDocEncoding):
(hyperref)                removing `\spacefactor' on input line 4424.


Package hyperref Warning: Token not allowed in a PDF string (PDFDocEncoding):
(hyperref)                removing `\accent' on input line 4424.


Package hyperref Warning: Token not allowed in a PDF string (PDFDocEncoding):
(hyperref)                removing `\spacefactor' on input line 4424.

Package hyperref Info: Option `plainpages' set `false' on input line 4424.
Package hyperref Info: Option `pdfpagelabels' set `true' on input line 4424.
Package hyperref Info: Option `colorlinks' set `true' on input line 4424.
Package hyperref Info: Hyper figures OFF on input line 4550.
Package hyperref Info: Link nesting OFF on input line 4555.
Package hyperref Info: Hyper index ON on input line 4558.
Package hyperref Info: Plain pages OFF on input line 4565.
Package hyperref Info: Backreferencing OFF on input line 4570.
Package hyperref Info: Implicit mode ON; LaTeX internals redefined.
Package hyperref Info: Bookmarks ON on input line 4803.
\c@Hy@tempcnt=\count92
("C:\Users\mtischha\AppData\Local\Programs\MiKTeX 2.9\tex/latex/url\url.sty"
\Urlmuskip=\muskip10
Package: url 2013/09/16  ver 3.4  Verb mode for urls, etc.
)
LaTeX Info: Redefining \url on input line 5156.
\XeTeXLinkMargin=\dimen104
\Fld@menulength=\count93
\Field@Width=\dimen105
\Fld@charsize=\dimen106
Package hyperref Info: Hyper figures OFF on input line 6411.
Package hyperref Info: Link nesting OFF on input line 6416.
Package hyperref Info: Hyper index ON on input line 6419.
Package hyperref Info: backreferencing OFF on input line 6426.
Package hyperref Info: Link coloring ON on input line 6429.
Package hyperref Info: Link coloring with OCG OFF on input line 6436.
Package hyperref Info: PDF/A mode OFF on input line 6441.
LaTeX Info: Redefining \ref on input line 6481.
LaTeX Info: Redefining \pageref on input line 6485.
\Hy@abspage=\count94
\c@Item=\count95
\c@Hfootnote=\count96
)
Package hyperref Info: Driver (autodetected): hpdftex.

("C:\Users\mtischha\AppData\Local\Programs\MiKTeX 2.9\tex/latex/hyperref\hpdfte
x.def"
File: hpdftex.def 2019/06/12 v6.88h Hyperref driver for pdfTeX
\Fld@listcount=\count97
\c@bookmark@seq@number=\count98

("C:\Users\mtischha\AppData\Local\Programs\MiKTeX 2.9\tex/latex/oberdiek\rerunf
ilecheck.sty"
Package: rerunfilecheck 2016/05/16 v1.8 Rerun checks for auxiliary files (HO)
Package uniquecounter Info: New unique counter `rerunfilecheck' on input line 2
82.
)
\Hy@SectionHShift=\skip57
)
("C:\Users\mtischha\AppData\Local\Programs\MiKTeX 2.9\tex/latex/koma-script\scr
layer-scrpage.sty"
Package: scrlayer-scrpage 2019/02/01 v3.26b KOMA-Script package (end user inter
face for scrlayer)

("C:\Users\mtischha\AppData\Local\Programs\MiKTeX 2.9\tex/latex/koma-script\scr
layer.sty"
Package: scrlayer 2019/02/01 v3.26b KOMA-Script package (defining layers and pa
ge styles)
Package scrlayer Info: Using already defined \footheight
(scrlayer)             hoping, that this is a length and
(scrlayer)             not only a macro on input line 109.
Package scrlayer Info: patching LaTeX kernel macro \pagestyle on input line 208
3.
)
Package scrlayer-scrpage Info: Makeing stand-alone element `pagehead' from
(scrlayer-scrpage)             alias to `pageheadfoot' on input line 1241.
Package scrlayer-scrpage Info: deactivating warning for font element
(scrlayer-scrpage)             `pagefoot' on input line 1268.
)
Package scrlayer-scrpage Info: auto-selection of `pagestyleset=KOMA-Script'.

("C:\Users\mtischha\AppData\Local\Programs\MiKTeX 2.9\tex/latex/ucs\ucs.sty"
Package: ucs 2013/05/11 v2.2 UCS: Unicode input support

("C:\Users\mtischha\AppData\Local\Programs\MiKTeX 2.9\tex/latex/ucs\uni-global.
def"
File: uni-global.def 2013/05/13 UCS: Unicode global data
)
\uc@secondtry=\count99
\uc@combtoks=\toks15
\uc@combtoksb=\toks16
\uc@temptokena=\toks17
)
("C:\Users\mtischha\AppData\Local\Programs\MiKTeX 2.9\tex/latex/base\inputenc.s
ty"
Package: inputenc 2018/08/11 v1.3c Input encoding file
\inpenc@prehook=\toks18
\inpenc@posthook=\toks19

("C:\Users\mtischha\AppData\Local\Programs\MiKTeX 2.9\tex/latex/ucs\utf8x.def"
File: utf8x.def 2004/10/17 UCS: Input encoding UTF-8
))
("C:\Users\mtischha\AppData\Local\Programs\MiKTeX 2.9\tex/latex/base\fontenc.st
y"
Package: fontenc 2018/08/11 v2.0j Standard LaTeX package

("C:\Users\mtischha\AppData\Local\Programs\MiKTeX 2.9\tex/latex/base\t1enc.def"
File: t1enc.def 2018/08/11 v2.0j Standard LaTeX file
LaTeX Font Info:    Redeclaring font encoding T1 on input line 48.
))
("C:\Users\mtischha\AppData\Local\Programs\MiKTeX 2.9\tex/latex/siunitx\siunitx
.sty"
("C:\Users\mtischha\AppData\Local\Programs\MiKTeX 2.9\tex/latex/l3kernel\expl3.
sty"
Package: expl3 2019-09-08 L3 programming layer (loader) 

("C:\Users\mtischha\AppData\Local\Programs\MiKTeX 2.9\tex/latex/l3kernel\expl3-
code.tex"
Package: expl3 2019-09-08 L3 programming layer (code)
\c_max_int=\count100
\l_tmpa_int=\count101
\l_tmpb_int=\count102
\g_tmpa_int=\count103
\g_tmpb_int=\count104
\g__kernel_prg_map_int=\count105
\c__ior_term_noprompt_ior=\count106
\c_log_iow=\count107
\l_iow_line_count_int=\count108
\l__iow_line_target_int=\count109
\l__iow_one_indent_int=\count110
\l__iow_indent_int=\count111
\c_zero_dim=\dimen107
\c_max_dim=\dimen108
\l_tmpa_dim=\dimen109
\l_tmpb_dim=\dimen110
\g_tmpa_dim=\dimen111
\g_tmpb_dim=\dimen112
\c_zero_skip=\skip58
\c_max_skip=\skip59
\l_tmpa_skip=\skip60
\l_tmpb_skip=\skip61
\g_tmpa_skip=\skip62
\g_tmpb_skip=\skip63
\c_zero_muskip=\muskip11
\c_max_muskip=\muskip12
\l_tmpa_muskip=\muskip13
\l_tmpb_muskip=\muskip14
\g_tmpa_muskip=\muskip15
\g_tmpb_muskip=\muskip16
\l_keys_choice_int=\count112
\l__intarray_loop_int=\count113
\c__intarray_sp_dim=\dimen113
\g__intarray_font_int=\count114
\c__fp_leading_shift_int=\count115
\c__fp_middle_shift_int=\count116
\c__fp_trailing_shift_int=\count117
\c__fp_big_leading_shift_int=\count118
\c__fp_big_middle_shift_int=\count119
\c__fp_big_trailing_shift_int=\count120
\c__fp_Bigg_leading_shift_int=\count121
\c__fp_Bigg_middle_shift_int=\count122
\c__fp_Bigg_trailing_shift_int=\count123
\c__kernel_randint_max_int=\count124
\g__fp_array_int=\count125
\l__fp_array_loop_int=\count126
\l__sort_length_int=\count127
\l__sort_min_int=\count128
\l__sort_top_int=\count129
\l__sort_max_int=\count130
\l__sort_true_max_int=\count131
\l__sort_block_int=\count132
\l__sort_begin_int=\count133
\l__sort_end_int=\count134
\l__sort_A_int=\count135
\l__sort_B_int=\count136
\l__sort_C_int=\count137
\l__str_internal_int=\count138
\c__str_replacement_char_int=\count139
\l__tl_analysis_normal_int=\count140
\l__tl_analysis_index_int=\count141
\l__tl_analysis_nesting_int=\count142
\l__tl_analysis_type_int=\count143
\l__regex_internal_a_int=\count144
\l__regex_internal_b_int=\count145
\l__regex_internal_c_int=\count146
\l__regex_balance_int=\count147
\l__regex_group_level_int=\count148
\l__regex_mode_int=\count149
\c__regex_cs_in_class_mode_int=\count150
\c__regex_cs_mode_int=\count151
\l__regex_catcodes_int=\count152
\l__regex_default_catcodes_int=\count153
\c__regex_catcode_D_int=\count154
\c__regex_catcode_S_int=\count155
\c__regex_catcode_L_int=\count156
\c__regex_catcode_O_int=\count157
\c__regex_catcode_A_int=\count158
\c__regex_all_catcodes_int=\count159
\l__regex_show_lines_int=\count160
\l__regex_min_state_int=\count161
\l__regex_max_state_int=\count162
\l__regex_left_state_int=\count163
\l__regex_right_state_int=\count164
\l__regex_capturing_group_int=\count165
\l__regex_min_pos_int=\count166
\l__regex_max_pos_int=\count167
\l__regex_curr_pos_int=\count168
\l__regex_start_pos_int=\count169
\l__regex_success_pos_int=\count170
\l__regex_curr_char_int=\count171
\l__regex_curr_catcode_int=\count172
\l__regex_last_char_int=\count173
\l__regex_case_changed_char_int=\count174
\l__regex_curr_state_int=\count175
\l__regex_step_int=\count176
\l__regex_min_active_int=\count177
\l__regex_max_active_int=\count178
\l__regex_replacement_csnames_int=\count179
\l__regex_match_count_int=\count180
\l__regex_min_submatch_int=\count181
\l__regex_submatch_int=\count182
\l__regex_zeroth_submatch_int=\count183
\g__regex_trace_regex_int=\count184
\c_empty_box=\box29
\l_tmpa_box=\box30
\l_tmpb_box=\box31
\g_tmpa_box=\box32
\g_tmpb_box=\box33
\l__box_top_dim=\dimen114
\l__box_bottom_dim=\dimen115
\l__box_left_dim=\dimen116
\l__box_right_dim=\dimen117
\l__box_top_new_dim=\dimen118
\l__box_bottom_new_dim=\dimen119
\l__box_left_new_dim=\dimen120
\l__box_right_new_dim=\dimen121
\l__box_internal_box=\box34
\l__coffin_internal_box=\box35
\l__coffin_internal_dim=\dimen122
\l__coffin_offset_x_dim=\dimen123
\l__coffin_offset_y_dim=\dimen124
\l__coffin_x_dim=\dimen125
\l__coffin_y_dim=\dimen126
\l__coffin_x_prime_dim=\dimen127
\l__coffin_y_prime_dim=\dimen128
\c_empty_coffin=\box36
\l__coffin_aligned_coffin=\box37
\l__coffin_aligned_internal_coffin=\box38
\l_tmpa_coffin=\box39
\l_tmpb_coffin=\box40
\g_tmpa_coffin=\box41
\g_tmpb_coffin=\box42
\l__coffin_bounding_shift_dim=\dimen129
\l__coffin_left_corner_dim=\dimen130
\l__coffin_right_corner_dim=\dimen131
\l__coffin_bottom_corner_dim=\dimen132
\l__coffin_top_corner_dim=\dimen133
\l__coffin_scaled_total_height_dim=\dimen134
\l__coffin_scaled_width_dim=\dimen135
\c__coffin_empty_coffin=\box43
\l__coffin_display_coffin=\box44
\l__coffin_display_coord_coffin=\box45
\l__coffin_display_pole_coffin=\box46
\l__coffin_display_offset_dim=\dimen136
\l__coffin_display_x_dim=\dimen137
\l__coffin_display_y_dim=\dimen138
\g__char_data_ior=\read1
\l__seq_internal_a_int=\count185
\l__seq_internal_b_int=\count186
)
("C:\Users\mtischha\AppData\Local\Programs\MiKTeX 2.9\tex/latex/l3backend\l3bac
kend-pdfmode.def"
File: l3backend-pdfmode.def 2019-04-06 v L3 backend support: PDF mode
\l__kernel_color_stack_int=\count187
\l__pdf_internal_box=\box47
))
("C:\Users\mtischha\AppData\Local\Programs\MiKTeX 2.9\tex/latex/l3packages/xpar
se\xparse.sty"
Package: xparse 2019-05-28 L3 Experimental document command parser
\l__xparse_current_arg_int=\count188
\g__xparse_grabber_int=\count189
\l__xparse_m_args_int=\count190
\l__xparse_v_nesting_int=\count191
)
Package: siunitx 2018/05/17 v2.7s A comprehensive (SI) units package

("C:\Users\mtischha\AppData\Local\Programs\MiKTeX 2.9\tex/latex/amsmath\amstext
.sty"
Package: amstext 2000/06/29 v2.01 AMS text

("C:\Users\mtischha\AppData\Local\Programs\MiKTeX 2.9\tex/latex/amsmath\amsgen.
sty"
File: amsgen.sty 1999/11/30 v2.0 generic functions
\@emptytoks=\toks20
\ex@=\dimen139
))
("C:\Users\mtischha\AppData\Local\Programs\MiKTeX 2.9\tex/latex/tools\array.sty
"
Package: array 2018/12/30 v2.4k Tabular extension package (FMi)
\col@sep=\dimen140
\ar@mcellbox=\box48
\extrarowheight=\dimen141
\NC@list=\toks21
\extratabsurround=\skip64
\backup@length=\skip65
\ar@cellbox=\box49
)
("C:\Users\mtischha\AppData\Local\Programs\MiKTeX 2.9\tex/latex/l3packages/l3ke
ys2e\l3keys2e.sty"
Package: l3keys2e 2019-05-28 LaTeX2e option processing using LaTeX3 keys
)
\l__siunitx_tmp_box=\box50
\l__siunitx_tmp_dim=\dimen142
\l__siunitx_tmp_int=\count192
\l__siunitx_number_mantissa_length_int=\count193
\l__siunitx_number_uncert_length_int=\count194
\l__siunitx_round_int=\count195
\l__siunitx_process_decimal_int=\count196
\l__siunitx_process_uncertainty_int=\count197
\l__siunitx_process_fixed_int=\count198
\l__siunitx_process_integer_min_int=\count199
\l__siunitx_process_precision_int=\count266
\l__siunitx_group_min_int=\count267
\l__siunitx_angle_marker_box=\box51
\l__siunitx_angle_unit_box=\box52
\l__siunitx_angle_marker_dim=\dimen143
\l__siunitx_angle_unit_dim=\dimen144
\l__siunitx_unit_int=\count268
\l__siunitx_unit_denominator_int=\count269
\l__siunitx_unit_numerator_int=\count270
\l__siunitx_unit_prefix_int=\count271
\l__siunitx_unit_prefix_base_int=\count272
\l__siunitx_unit_prefix_gram_int=\count273
\l__siunitx_number_product_int=\count274
\c__siunitx_one_fill_skip=\skip66
\l__siunitx_table_unit_align_skip=\skip67
\l__siunitx_table_exponent_dim=\dimen145
\l__siunitx_table_integer_dim=\dimen146
\l__siunitx_table_mantissa_dim=\dimen147
\l__siunitx_table_marker_dim=\dimen148
\l__siunitx_table_result_dim=\dimen149
\l__siunitx_table_uncert_dim=\dimen150
\l__siunitx_table_fill_pre_dim=\dimen151
\l__siunitx_table_fill_post_dim=\dimen152
\l__siunitx_table_fill_mid_dim=\dimen153
\l__siunitx_table_pre_box=\box53
\l__siunitx_table_post_box=\box54
\l__siunitx_table_mantissa_box=\box55
\l__siunitx_table_result_box=\box56
\l__siunitx_table_number_align_skip=\skip68
\l__siunitx_table_text_align_skip=\skip69

("C:\Users\mtischha\AppData\Local\Programs\MiKTeX 2.9\tex/latex/translator\tran
slator.sty"
Package: translator 2019-05-31 v1.12a Easy translation of strings in LaTeX
))
("C:\Users\mtischha\AppData\Local\Programs\MiKTeX 2.9\tex/latex/tools\layout.st
y"
Package: layout 2014/10/28 v1.2c Show layout parameters
\oneinch=\count275
\cnt@paperwidth=\count276
\cnt@paperheight=\count277
\cnt@hoffset=\count278
\cnt@voffset=\count279
\cnt@textheight=\count280
\cnt@textwidth=\count281
\cnt@topmargin=\count282
\cnt@oddsidemargin=\count283
\cnt@evensidemargin=\count284
\cnt@headheight=\count285
\cnt@headsep=\count286
\cnt@marginparsep=\count287
\cnt@marginparwidth=\count288
\cnt@marginparpush=\count289
\cnt@footskip=\count290
\fheight=\count291
\ref@top=\count292
\ref@hoffset=\count293
\ref@voffset=\count294
\ref@head=\count295
\ref@body=\count296
\ref@foot=\count297
\ref@margin=\count298
\ref@marginwidth=\count299
\ref@marginpar=\count300
\Interval=\count301
\ExtraYPos=\count302
\PositionX=\count303
\PositionY=\count304
\ArrowLength=\count305
)
("C:\Users\mtischha\AppData\Local\Programs\MiKTeX 2.9\tex/latex/isodate\isodate
.sty"
Package: isodate 2010/01/03 v2.30 Print dates with different formats (HH)

("C:\Users\mtischha\AppData\Local\Programs\MiKTeX 2.9\tex/latex/base\ifthen.sty
"
Package: ifthen 2014/09/29 v1.1c Standard LaTeX ifthen package (DPC)
)
("C:\Users\mtischha\AppData\Local\Programs\MiKTeX 2.9\tex/latex/substr\substr.s
ty"
Package: substr 2009/10/20 v1.2 Handle substrings
\c@su@anzahl=\count306
)
("C:\Users\mtischha\AppData\Local\Programs\MiKTeX 2.9\tex/latex/isodate\german.
idf"
File: german.idf 2010/01/03 v2.30 Language definitions for isodate package (HH)


Define commands for German date format (ngerman)
)
\c@iso@tmpmonth=\count307
\c@iso@yeartwo=\count308
\c@iso@slash=\count309
\c@iso@minus=\count310
\c@iso@dot=\count311
\c@iso@@slash=\count312
\c@iso@@minus=\count313
\c@iso@@dot=\count314
)
("C:\Users\mtischha\AppData\Local\Programs\MiKTeX 2.9\tex/generic/babel\babel.s
ty"
Package: babel 2019/07/19 3.33 The Babel package

("C:\Users\mtischha\AppData\Local\Programs\MiKTeX 2.9\tex/generic/babel\switch.
def"
File: switch.def 2019/07/19 3.33 Babel switching mechanism
)
*************************************
* Local config file bblopts.cfg used
*

("C:\Users\mtischha\AppData\Local\Programs\MiKTeX 2.9\tex/latex/arabi\bblopts.c
fg"
File: bblopts.cfg 2005/09/08 v0.1 add Arabic and Farsi to "declared" options of
 babel
)
("C:\Users\mtischha\AppData\Local\Programs\MiKTeX 2.9\tex/latex/babel-german\ge
rman.ldf"
Language: german 2018/12/08 v2.11 German support for babel (pre-1996 orthograph
y)

("C:\Users\mtischha\AppData\Local\Programs\MiKTeX 2.9\tex/latex/babel-german\ge
rmanb.ldf"
Language: germanb 2018/12/08 v2.11 German support for babel (pre-1996 orthograp
hy)

("C:\Users\mtischha\AppData\Local\Programs\MiKTeX 2.9\tex/generic/babel\babel.d
ef"
File: babel.def 2019/07/19 3.33 Babel common definitions
\babel@savecnt=\count315
\U@D=\dimen154

("C:\Users\mtischha\AppData\Local\Programs\MiKTeX 2.9\tex/generic/babel\txtbabe
l.def")
\bbl@dirlevel=\count316
)
Package babel Info: Making " an active character on input line 135.
))
("C:\Users\mtischha\AppData\Local\Programs\MiKTeX 2.9\tex/latex/babel-german\ng
erman.ldf"
Language: ngerman 2018/12/08 v2.11 German support for babel (post-1996 orthogra
phy)

("C:\Users\mtischha\AppData\Local\Programs\MiKTeX 2.9\tex/latex/babel-german\ng
ermanb.ldf"
Language: ngermanb 2018/12/08 v2.11 German support for babel (post-1996 orthogr
aphy)
)))
("C:\Users\mtischha\AppData\Local\Programs\MiKTeX 2.9\tex/latex/amsfonts\amssym
b.sty"
Package: amssymb 2013/01/14 v3.01 AMS font symbols

("C:\Users\mtischha\AppData\Local\Programs\MiKTeX 2.9\tex/latex/amsfonts\amsfon
ts.sty"
Package: amsfonts 2013/01/14 v3.01 Basic AMSFonts support
\symAMSa=\mathgroup4
\symAMSb=\mathgroup5
LaTeX Font Info:    Overwriting math alphabet `\mathfrak' in version `bold'
(Font)                  U/euf/m/n --> U/euf/b/n on input line 106.
))
("C:\Users\mtischha\AppData\Local\Programs\MiKTeX 2.9\tex/latex/amsmath\amsmath
.sty"
Package: amsmath 2018/12/01 v2.17b AMS math features
\@mathmargin=\skip70

For additional information on amsmath, use the `?' option.

("C:\Users\mtischha\AppData\Local\Programs\MiKTeX 2.9\tex/latex/amsmath\amsbsy.
sty"
Package: amsbsy 1999/11/29 v1.2d Bold Symbols
\pmbraise@=\dimen155
)
("C:\Users\mtischha\AppData\Local\Programs\MiKTeX 2.9\tex/latex/amsmath\amsopn.
sty"
Package: amsopn 2016/03/08 v2.02 operator names
)
\inf@bad=\count317
LaTeX Info: Redefining \frac on input line 223.
\uproot@=\count318
\leftroot@=\count319
LaTeX Info: Redefining \overline on input line 385.
\classnum@=\count320
\DOTSCASE@=\count321
LaTeX Info: Redefining \ldots on input line 482.
LaTeX Info: Redefining \dots on input line 485.
LaTeX Info: Redefining \cdots on input line 606.
\Mathstrutbox@=\box57
\strutbox@=\box58
\big@size=\dimen156
LaTeX Font Info:    Redeclaring font encoding OML on input line 729.
LaTeX Font Info:    Redeclaring font encoding OMS on input line 730.
\macc@depth=\count322
\c@MaxMatrixCols=\count323
\dotsspace@=\muskip17
\c@parentequation=\count324
\dspbrk@lvl=\count325
\tag@help=\toks22
\row@=\count326
\column@=\count327
\maxfields@=\count328
\andhelp@=\toks23
\eqnshift@=\dimen157
\alignsep@=\dimen158
\tagshift@=\dimen159
\tagwidth@=\dimen160
\totwidth@=\dimen161
\lineht@=\dimen162
\@envbody=\toks24
\multlinegap=\skip71
\multlinetaggap=\skip72
\mathdisplay@stack=\toks25
LaTeX Info: Redefining \[ on input line 2844.
LaTeX Info: Redefining \] on input line 2845.
)
("C:\Users\mtischha\AppData\Local\Programs\MiKTeX 2.9\tex/latex/fancybox\fancyb
ox.sty"
Package: fancybox 2010/05/15 1.4

Style option: `fancybox' v1.4 <2010/05/15> (tvz)
\@fancybox=\box59
\shadowsize=\dimen163
\@Sbox=\box60
\do@VerbBox=\toks26
\the@fancyput=\toks27
\this@fancyput=\toks28
\EndVerbatimTokens=\toks29
\Verbatim@Outfile=\write3
\Verbatim@Infile=\read2
)
("C:\Users\mtischha\AppData\Local\Programs\MiKTeX 2.9\tex/latex/graphics\graphi
cx.sty"
Package: graphicx 2017/06/01 v1.1a Enhanced LaTeX Graphics (DPC,SPQR)

("C:\Users\mtischha\AppData\Local\Programs\MiKTeX 2.9\tex/latex/graphics\graphi
cs.sty"
Package: graphics 2017/06/25 v1.2c Standard LaTeX Graphics (DPC,SPQR)

("C:\Users\mtischha\AppData\Local\Programs\MiKTeX 2.9\tex/latex/graphics\trig.s
ty"
Package: trig 2016/01/03 v1.10 sin cos tan (DPC)
)
("C:\Users\mtischha\AppData\Local\Programs\MiKTeX 2.9\tex/latex/graphics-cfg\gr
aphics.cfg"
File: graphics.cfg 2016/06/04 v1.11 sample graphics configuration
)
Package graphics Info: Driver file: pdftex.def on input line 99.

("C:\Users\mtischha\AppData\Local\Programs\MiKTeX 2.9\tex/latex/graphics-def\pd
ftex.def"
File: pdftex.def 2018/01/08 v1.0l Graphics/color driver for pdftex
))
\Gin@req@height=\dimen164
\Gin@req@width=\dimen165
)
("C:\Users\mtischha\AppData\Local\Programs\MiKTeX 2.9\tex/latex/wrapfig\wrapfig
.sty"
\wrapoverhang=\dimen166
\WF@size=\dimen167
\c@WF@wrappedlines=\count329
\WF@box=\box61
\WF@everypar=\toks30
Package: wrapfig 2003/01/31  v 3.6
)
("C:\Users\mtischha\AppData\Local\Programs\MiKTeX 2.9\tex/latex/graphics\color.
sty"
Package: color 2016/07/10 v1.1e Standard LaTeX Color (DPC)

("C:\Users\mtischha\AppData\Local\Programs\MiKTeX 2.9\tex/latex/graphics-cfg\co
lor.cfg"
File: color.cfg 2016/01/02 v1.6 sample color configuration
)
Package color Info: Driver file: pdftex.def on input line 147.
)
("C:\Users\mtischha\AppData\Local\Programs\MiKTeX 2.9\tex/latex/lastpage\lastpa
ge.sty"
Package: lastpage 2015/03/29 v1.2m Refers to last page's name (HMM; JPG)
)
("C:\Users\mtischha\AppData\Local\Programs\MiKTeX 2.9\tex/latex/tools\verbatim.
sty"
Package: verbatim 2014/10/28 v1.5q LaTeX2e package for verbatim enhancements
\every@verbatim=\toks31
\verbatim@line=\toks32
\verbatim@in@stream=\read3
)
("C:\Users\mtischha\AppData\Local\Programs\MiKTeX 2.9\tex/latex/oberdiek\epstop
df.sty"
Package: epstopdf 2016/05/15 v2.6 Conversion with epstopdf on the fly (HO)

("C:\Users\mtischha\AppData\Local\Programs\MiKTeX 2.9\tex/latex/oberdiek\epstop
df-base.sty"
Package: epstopdf-base 2016/05/15 v2.6 Base part for package epstopdf

("C:\Users\mtischha\AppData\Local\Programs\MiKTeX 2.9\tex/latex/oberdiek\grfext
.sty"
Package: grfext 2016/05/16 v1.2 Manage graphics extensions (HO)
)
Package epstopdf-base Info: Redefining graphics rule for `.eps' on input line 4
38.
Package grfext Info: Graphics extension search list:
(grfext)             [.pdf,.png,.jpg,.mps,.jpeg,.jbig2,.jb2,.PDF,.PNG,.JPG,.JPE
G,.JBIG2,.JB2,.eps]
(grfext)             \AppendGraphicsExtensions on input line 456.
))
("C:\Users\mtischha\AppData\Local\Programs\MiKTeX 2.9\tex/latex/a4wide\a4wide.s
ty"
Package: a4wide 1994/08/30

("C:\Users\mtischha\AppData\Local\Programs\MiKTeX 2.9\tex/latex/ntgclass\a4.sty
"
Package: a4 2004/04/15 v1.2g A4 based page layout
))
("C:\Users\mtischha\AppData\Local\Programs\MiKTeX 2.9\tex/latex/tools\tabularx.
sty"
Package: tabularx 2016/02/03 v2.11b `tabularx' package (DPC)
\TX@col@width=\dimen168
\TX@old@table=\dimen169
\TX@old@col=\dimen170
\TX@target=\dimen171
\TX@delta=\dimen172
\TX@cols=\count330
\TX@ftn=\toks33
)
("C:\Users\mtischha\AppData\Local\Programs\MiKTeX 2.9\tex/latex/wasysym\wasysym
.sty"
Package: wasysym 2003/10/30 v2.0 Wasy-2 symbol support package
\symwasy=\mathgroup6
LaTeX Font Info:    Overwriting symbol font `wasy' in version `bold'
(Font)                  U/wasy/m/n --> U/wasy/b/n on input line 90.
)
("C:\Users\mtischha\AppData\Local\Programs\MiKTeX 2.9\tex/latex/pstricks\pstric
ks.sty"
Package: pstricks 2018/12/21 v0.69 LaTeX wrapper for `PSTricks' (RN,HV)

("C:\Users\mtischha\AppData\Local\Programs\MiKTeX 2.9\tex/latex/iftex\iftex.sty
"
Package: iftex 2013/04/04 v0.2 Provides if(tex) conditional for PDFTeX, XeTeX, 
and LuaTeX
)
("C:\Users\mtischha\AppData\Local\Programs\MiKTeX 2.9\tex/latex/tools\shellesc.
sty"
Package: shellesc 2016/06/07 v0.02a unified shell escape interface for LaTeX
Package shellesc Info: Restricted shell escape enabled on input line 69.
)
("C:\Users\mtischha\AppData\Local\Programs\MiKTeX 2.9\tex/latex/xcolor\xcolor.s
ty"
Package: xcolor 2016/05/11 v2.12 LaTeX color extensions (UK)

("C:\Users\mtischha\AppData\Local\Programs\MiKTeX 2.9\tex/latex/graphics-cfg\co
lor.cfg"
File: color.cfg 2016/01/02 v1.6 sample color configuration
)
Package xcolor Info: Package option `usenames' ignored on input line 216.
Package xcolor Info: Driver file: pdftex.def on input line 225.
LaTeX Info: Redefining \color on input line 709.
Package xcolor Info: Model `cmy' substituted by `cmy0' on input line 1348.
Package xcolor Info: Model `hsb' substituted by `rgb' on input line 1352.
Package xcolor Info: Model `RGB' extended on input line 1364.
Package xcolor Info: Model `HTML' substituted by `rgb' on input line 1366.
Package xcolor Info: Model `Hsb' substituted by `hsb' on input line 1367.
Package xcolor Info: Model `tHsb' substituted by `hsb' on input line 1368.
Package xcolor Info: Model `HSB' substituted by `hsb' on input line 1369.
Package xcolor Info: Model `Gray' substituted by `gray' on input line 1370.
Package xcolor Info: Model `wave' substituted by `hsb' on input line 1371.

("C:\Users\mtischha\AppData\Local\Programs\MiKTeX 2.9\tex/latex/graphics\dvipsn
am.def"
File: dvipsnam.def 2016/06/17 v3.0m Driver-dependent file (DPC,SPQR)
))
("C:\Users\mtischha\AppData\Local\Programs\MiKTeX 2.9\tex/generic/xkeyval\pst-x
key.tex"
File: pst-xkey.tex 2005/11/25 v1.6 PSTricks specialization of xkeyval (HA)

("C:\Users\mtischha\AppData\Local\Programs\MiKTeX 2.9\tex/latex/xkeyval\xkeyval
.sty"
Package: xkeyval 2014/12/03 v2.7a package option processing (HA)

("C:\Users\mtischha\AppData\Local\Programs\MiKTeX 2.9\tex/generic/xkeyval\xkeyv
al.tex"
("C:\Users\mtischha\AppData\Local\Programs\MiKTeX 2.9\tex/generic/xkeyval\xkvut
ils.tex"
\XKV@toks=\toks34
\XKV@tempa@toks=\toks35
)
\XKV@depth=\count331
File: xkeyval.tex 2014/12/03 v2.7a key=value parser (HA)
)))
("C:\Users\mtischha\AppData\Local\Programs\MiKTeX 2.9\tex/generic/pstricks\pstr
icks.tex"
("C:\Users\mtischha\AppData\Local\Programs\MiKTeX 2.9\tex/generic/pstricks\pst-
fp.tex" `pst-fp' v0.05, 2010/01/17 (hv)
\pstFP@xs=\count332
\pstFP@xia=\count333
\pstFP@xib=\count334
\pstFP@xfa=\count335
\pstFP@xfb=\count336
\pstFP@rega=\count337
\pstFP@regb=\count338
\pstFP@regs=\count339
\pstFP@times=\count340
)
("C:\Users\mtischha\AppData\Local\Programs\MiKTeX 2.9\tex/generic/pgf/utilities
\pgfutil-common.tex"
\pgfutil@everybye=\toks36
\pgfutil@tempdima=\dimen173
\pgfutil@tempdimb=\dimen174

("C:\Users\mtischha\AppData\Local\Programs\MiKTeX 2.9\tex/generic/pgf/utilities
\pgfutil-common-lists.tex"))
("C:\Users\mtischha\AppData\Local\Programs\MiKTeX 2.9\tex/generic/pgf/utilities
\pgfkeys.code.tex"
\pgfkeys@pathtoks=\toks37
\pgfkeys@temptoks=\toks38

("C:\Users\mtischha\AppData\Local\Programs\MiKTeX 2.9\tex/generic/pgf/utilities
\pgfkeysfiltered.code.tex"
\pgfkeys@tmptoks=\toks39
))
("C:\Users\mtischha\AppData\Local\Programs\MiKTeX 2.9\tex/generic/pgf/utilities
\pgffor.code.tex"
Loading pgffor.code.tex

("C:\Users\mtischha\AppData\Local\Programs\MiKTeX 2.9\tex/generic/pgf/math\pgfm
ath.code.tex"
("C:\Users\mtischha\AppData\Local\Programs\MiKTeX 2.9\tex/generic/pgf/math\pgfm
athcalc.code.tex"
("C:\Users\mtischha\AppData\Local\Programs\MiKTeX 2.9\tex/generic/pgf/math\pgfm
athutil.code.tex"
\pgf@x=\dimen175
\pgf@xa=\dimen176
\pgf@xb=\dimen177
\pgf@xc=\dimen178
\pgf@y=\dimen179
\pgf@ya=\dimen180
\pgf@yb=\dimen181
\pgf@yc=\dimen182
\c@pgf@counta=\count341
\c@pgf@countb=\count342
\c@pgf@countc=\count343
\c@pgf@countd=\count344
\pgfutil@tempcnta=\count345
\pgfutil@tempcntb=\count346
)
("C:\Users\mtischha\AppData\Local\Programs\MiKTeX 2.9\tex/generic/pgf/math\pgfm
athparser.code.tex"
\pgfmath@dimen=\dimen183
\pgfmath@count=\count347
\pgfmath@box=\box62
\pgfmath@toks=\toks40
\pgfmath@stack@operand=\toks41
\pgfmath@stack@operation=\toks42
)
("C:\Users\mtischha\AppData\Local\Programs\MiKTeX 2.9\tex/generic/pgf/math\pgfm
athfunctions.code.tex"
("C:\Users\mtischha\AppData\Local\Programs\MiKTeX 2.9\tex/generic/pgf/math\pgfm
athfunctions.basic.code.tex")
("C:\Users\mtischha\AppData\Local\Programs\MiKTeX 2.9\tex/generic/pgf/math\pgfm
athfunctions.trigonometric.code.tex")
("C:\Users\mtischha\AppData\Local\Programs\MiKTeX 2.9\tex/generic/pgf/math\pgfm
athfunctions.random.code.tex")
("C:\Users\mtischha\AppData\Local\Programs\MiKTeX 2.9\tex/generic/pgf/math\pgfm
athfunctions.comparison.code.tex")
("C:\Users\mtischha\AppData\Local\Programs\MiKTeX 2.9\tex/generic/pgf/math\pgfm
athfunctions.base.code.tex")
("C:\Users\mtischha\AppData\Local\Programs\MiKTeX 2.9\tex/generic/pgf/math\pgfm
athfunctions.round.code.tex")
("C:\Users\mtischha\AppData\Local\Programs\MiKTeX 2.9\tex/generic/pgf/math\pgfm
athfunctions.misc.code.tex")
("C:\Users\mtischha\AppData\Local\Programs\MiKTeX 2.9\tex/generic/pgf/math\pgfm
athfunctions.integerarithmetics.code.tex")))
("C:\Users\mtischha\AppData\Local\Programs\MiKTeX 2.9\tex/generic/pgf/math\pgfm
athfloat.code.tex"
\c@pgfmathroundto@lastzeros=\count348
))
\pgffor@iter=\dimen184
\pgffor@skip=\dimen185
\pgffor@stack=\toks43
\pgffor@toks=\toks44
)
\psLoopIndex=\count349

`PSTricks' v2.97  <2019/05/11> (tvz,hv)
\pst@dima=\dimen186
\pst@dimb=\dimen187
\pst@dimc=\dimen188
\pst@dimd=\dimen189
\pst@dimg=\dimen190
\pst@dimh=\dimen191
\pst@dimm=\dimen192
\pst@dimn=\dimen193
\pst@dimo=\dimen194
\pst@dimp=\dimen195
\pst@hbox=\box63
\pst@ibox=\box64
\pst@boxg=\box65
\pst@cnta=\count350
\pst@cntb=\count351
\pst@cntc=\count352
\pst@cntd=\count353
\pst@cntg=\count354
\pst@cnth=\count355
\pst@cntm=\count356
\pst@cntn=\count357
\pst@cnto=\count358
\pst@cntp=\count359
\@zero=\count360
\pst@toks=\toks45

("C:\Users\mtischha\AppData\Local\Programs\MiKTeX 2.9\tex/generic/pstricks\pstr
icks.con")
\psunit=\dimen196
\psxunit=\dimen197
\psyunit=\dimen198
\pst@C@@rType=\count361
\pslinewidth=\dimen199
\psk@startLW=\dimen256
\psk@endLW=\dimen257
\pst@customdefs=\toks46
\pslinearc=\dimen258
\pst@symbolStep=\dimen259
\pst@symbolWidth=\dimen260
\pst@symbolLinewidth=\dimen261
\everypsbox=\toks47
\psframesep=\dimen262
\pslabelsep=\dimen263
\sh@wgridXunit=\dimen264
\sh@wgridYunit=\dimen265
\pst@shift=\dimen266
)
File: pstricks.tex 2019/05/11 v2.97 `PSTricks' (tvz,hv)

("C:\Users\mtischha\AppData\Local\Programs\MiKTeX 2.9\tex/generic/pstricks\pst-
fp.tex")
File: pst-fp.tex 2019/05/11 v2.97 `PST-fp' (hv)
)
("C:\Users\mtischha\AppData\Local\Programs\MiKTeX 2.9\tex/latex/setspace\setspa
ce.sty"
Package: setspace 2011/12/19 v6.7a set line spacing
)
("C:\Users\mtischha\AppData\Local\Programs\MiKTeX 2.9\tex/latex/graphics\epsfig
.sty"
Package: epsfig 2017/06/25 v1.7b (e)psfig emulation (SPQR)
\epsfxsize=\dimen267
\epsfysize=\dimen268
)
("C:\Users\mtischha\AppData\Local\Programs\MiKTeX 2.9\tex/latex/pst-pdf\pst-pdf
.sty"
Package: pst-pdf 2017/06/22 v1.2d PS graphics for pdfLaTeX (RN,HjG)

("C:\Users\mtischha\AppData\Local\Programs\MiKTeX 2.9\tex/generic/luatex85\luat
ex85.sty"
Package: luatex85 2016/06/15 v1.4 pdftex aliases for luatex
)
\c@pspicture=\count362
Package pst-pdf Info: MODE: 1 (pdfTeX mode) on input line 214.
\ppf@output=\toks48

("C:\Users\mtischha\AppData\Local\Programs\MiKTeX 2.9\tex/latex/preview\preview
.sty"
Package: preview 2017/04/24 11.91 (AUCTeX/preview-latex)
\pr@snippet=\count363
\pr@box=\box66
\pr@output=\toks49
)
("C:\Users\mtischha\AppData\Local\Programs\MiKTeX 2.9\tex/latex/graphics-def\dv
ips.def"
File: dvips.def 2017/06/20 v3.1d Graphics/color driver for dvips
)
("C:\Users\mtischha\AppData\Local\Programs\MiKTeX 2.9\tex/latex/environ\environ
.sty"
Package: environ 2014/05/04 v0.3 A new way to define environments

("C:\Users\mtischha\AppData\Local\Programs\MiKTeX 2.9\tex/latex/trimspaces\trim
spaces.sty"
Package: trimspaces 2009/09/17 v1.1 Trim spaces around a token list
)))
("C:\Users\mtischha\AppData\Local\Programs\MiKTeX 2.9\tex/latex/pstricks\pst-al
l.sty"
Package: pst-all 2008/01/01 the main pstricks tools

("C:\Users\mtischha\AppData\Local\Programs\MiKTeX 2.9\tex/latex/pst-plot\pst-pl
ot.sty"
Package: pst-plot 2011/06/05 v1.00 LaTeX wrapper for `pst-plot' (HV)

("C:\Users\mtischha\AppData\Local\Programs\MiKTeX 2.9\tex/latex/xkeyval\pst-xke
y.sty"
Package: pst-xkey 2005/11/25 v1.6 package wrapper for pst-xkey.tex (HA)
)
("C:\Users\mtischha\AppData\Local\Programs\MiKTeX 2.9\tex/latex/multido\multido
.sty"
Package: multido 2004/05/17 package wrapper for PSTricks `multido.tex', (HV/RN)


("C:\Users\mtischha\AppData\Local\Programs\MiKTeX 2.9\tex/generic/multido\multi
do.tex"  v1.42, 2010/05/14 <tvz>
\multido@count=\count364
\multidocount=\count365
\multido@stuff=\toks50
)
File: multido.tex 2010/05/14 v1.42 `multido' (tvz,hv)
)
Package: pst-plot 2011/04/13 package wrapper for pst-plot.tex (hv)

("C:\Users\mtischha\AppData\Local\Programs\MiKTeX 2.9\tex/generic/pst-plot\pst-
plot.tex"
("C:\Users\mtischha\AppData\Local\Programs\MiKTeX 2.9\tex/generic/pst-tools\pst
-tools.tex" `PST-tools' v0.09b, 2017/12/03 (hv))
("C:\Users\mtischha\AppData\Local\Programs\MiKTeX 2.9\tex/generic/pstricks-add\
pstricks-add.tex"
("C:\Users\mtischha\AppData\Local\Programs\MiKTeX 2.9\tex/generic/pst-node\pst-
node.tex"  v1.42, 2019/03/03
\psrow=\count366
\pscol=\count367
\psmatrixcnt=\count368
\psrowsep=\skip73
\pscolsep=\skip74
\pst@args=\count369
\num@pts=\count370
\pst@argcnt=\count371
)
("C:\Users\mtischha\AppData\Local\Programs\MiKTeX 2.9\tex/generic/pst-arrow\pst
-arrow.tex" `pst-arrow' v0.01, 2016/09/01 (dr,hv)
\pshooklength=\dimen269
\pshookwidth=\dimen270
)
("C:\Users\mtischha\AppData\Local\Programs\MiKTeX 2.9\tex/generic/pst-3d\pst-3d
.tex" `PST-3d' v1.11, 2010/02/14 (tvz))
("C:\Users\mtischha\AppData\Local\Programs\MiKTeX 2.9\tex/generic/pst-math\pst-
math.tex" `pst-math' v0.64 , (CJ,hv)) `pstricks-add' v3.87, 2019/01/12 (dr,hv)
\psparallelogramsep=\dimen271
\pst@cntC=\count372
\pst@stepcount=\count373
\chart@ColorIndex=\dimen272
\chart@ColorStep=\dimen273
\pst@chartHeight=\dimen274
\pst@chartStackDepth=\dimen275
\pst@chartStackWidth=\dimen276
\chart@Toggle=\count374
\psVectorCtr=\count375
)  v1.92, 2019/05/16 (tvz,hv)
\pstRadUnit=\dimen277
\pstRadUnitInv=\dimen278
\pst@linecnt=\count376
\RCD@file=\read4
\psxlabelsep=\dimen279
\psylabelsep=\dimen280
\psk@subticksize=\dimen281
\pst@xticksizeA=\dimen282
\pst@xticksizeB=\dimen283
\pst@xticksizeC=\dimen284
\pst@yticksizeA=\dimen285
\pst@yticksizeB=\dimen286
\pst@yticksizeC=\dimen287
\@digitcounter=\count377
\psk@llx=\dimen288
\psk@lly=\dimen289
\psk@urx=\dimen290
\psk@ury=\dimen291
\pst@xunit=\dimen292
\pst@yunit=\dimen293
)
File: pst-plot.tex 2019/05/16 1.92 `pst-plot' (tvz,hv)
)
("C:\Users\mtischha\AppData\Local\Programs\MiKTeX 2.9\tex/latex/pst-node\pst-no
de.sty"
Package: pst-node 2012/09/18 v1.01 LaTeX wrapper for `pst-node' (HV)
Package: pst-node 2010/04/22 package wrapper for pst-node.tex

("C:\Users\mtischha\AppData\Local\Programs\MiKTeX 2.9\tex/generic/pst-node\pst-
node.tex")
File: pst-node.tex 2019/05/16 1.92 `pst-node' (tvz,hv)
)
("C:\Users\mtischha\AppData\Local\Programs\MiKTeX 2.9\tex/latex/pst-tree\pst-tr
ee.sty"
Package: pst-tree 2009/01/25 package wrapper for pst-tree.tex

("C:\Users\mtischha\AppData\Local\Programs\MiKTeX 2.9\tex/generic/pst-tree\pst-
tree.tex"  v1.13, 2017/02/18(tvz,dg,hv)
\pstree@rootbox=\box67
\pstree@box=\box68
\psnodecnt=\count378
\pstreelevel=\count379
\pstreecnt=\count380
\pstree@cnt=\count381
\pstree@stop=\count382
)
File: pst-tree.tex 2017/02/18 1.13 `pst-tree' (tvz,hv)
)
("C:\Users\mtischha\AppData\Local\Programs\MiKTeX 2.9\tex/latex/pst-grad\pst-gr
ad.sty"
Package: pst-grad 2004/07/15 package wrapper for pst-grad.tex (hv)

("C:\Users\mtischha\AppData\Local\Programs\MiKTeX 2.9\tex/generic/pst-grad\pst-
grad.tex" `pst-grad' v1.06, 2006/11/27 (tvz,dg,hv))
File: pst-grad.tex 2006/11/27 1.06 `pst-grad' (tvz)
)
("C:\Users\mtischha\AppData\Local\Programs\MiKTeX 2.9\tex/latex/pst-coil\pst-co
il.sty"
Package: pst-coil 2010/02/01 package wrapper for pst-coil.tex (hv)

("C:\Users\mtischha\AppData\Local\Programs\MiKTeX 2.9\tex/generic/pst-coil\pst-
coil.tex"  v1.06, 2006/11/27
("C:\Users\mtischha\AppData\Local\Programs\MiKTeX 2.9\tex/generic/pst-node\pst-
node.tex"))
File: pst-coil.tex 2015/05/13 v1.07 `PST-coil' (tvz,hv)
)
("C:\Users\mtischha\AppData\Local\Programs\MiKTeX 2.9\tex/latex/pst-text\pst-te
xt.sty"
Package: pst-text 2018/12/28 package wrapper for pst-text.tex (hv)

("C:\Users\mtischha\AppData\Local\Programs\MiKTeX 2.9\tex/generic/pst-text\pst-
text.tex"  v1.01, 2018/12/22(tvz,hv))
File: pst-text.tex 2018/12/22 1.01 `pst-text' (tvz)
)
("C:\Users\mtischha\AppData\Local\Programs\MiKTeX 2.9\tex/latex/pst-3d\pst-3d.s
ty"
Package: pst-3d 2009/07/28 package wrapper for pst-3d.tex (hv)

("C:\Users\mtischha\AppData\Local\Programs\MiKTeX 2.9\tex/generic/pst-3d\pst-3d
.tex")
File: pst-3d.tex 2018/12/22 v1.01 `PST-3d' (hv)
)
("C:\Users\mtischha\AppData\Local\Programs\MiKTeX 2.9\tex/latex/pst-eps\pst-eps
.sty"
Package: pst-eps 2005/05/20 package wrapper for pst-eps.tex (hv)

("C:\Users\mtischha\AppData\Local\Programs\MiKTeX 2.9\tex/generic/pst-eps\pst-e
ps.tex"  v1.00, 2006/11/04
\pst@epsout=\write4
\pst@tempout=\write5
)
File: pst-eps.tex 2006/11/04 1.00 `pst-eps' (tvz)
)
("C:\Users\mtischha\AppData\Local\Programs\MiKTeX 2.9\tex/latex/pst-fill\pst-fi
ll.sty"
Package: pst-fill 2005/09/13 package wrapper for pst-fill.tex (hv)

("C:\Users\mtischha\AppData\Local\Programs\MiKTeX 2.9\tex/generic/pst-fill\pst-
fill.tex" `PST-Fill' v1.01, 2007/03/10 (tvz,dg,hv)
\pst@fillbox=\box69
)
File: pst-fill.tex 2007/03/10 v1.01 `PST-fill' (tvz,dg)
)
("C:\Users\mtischha\AppData\Local\Programs\MiKTeX 2.9\tex/latex/pstricks-add\ps
tricks-add.sty"
("C:\Users\mtischha\AppData\Local\Programs\MiKTeX 2.9\tex/latex/pst-math\pst-ma
th.sty"
Package: pst-math 2018/12/16 v 0.65 package wrapper for PSTricks pst-math.tex

("C:\Users\mtischha\AppData\Local\Programs\MiKTeX 2.9\tex/latex/pst-calculate\p
st-calculate.sty"
Package: pst-calculate 2019/01/24 v. 0.02(Herbert Voss) Support for caculations
 with floating point numbers.
)
("C:\Users\mtischha\AppData\Local\Programs\MiKTeX 2.9\tex/latex/xstring\xstring
.sty"
("C:\Users\mtischha\AppData\Local\Programs\MiKTeX 2.9\tex/generic/xstring\xstri
ng.tex"
\integerpart=\count383
\decimalpart=\count384
)
Package: xstring 2019/02/06 v1.83 String manipulations (CT)
)
("C:\Users\mtischha\AppData\Local\Programs\MiKTeX 2.9\tex/generic/pst-math\pst-
math.tex")
File: pst-math.tex 2007/03/10 v1.01 `PST-math' (hv)
\c@Rand@No=\count385
\c@Random@Left=\count386
\c@Random@Right=\count387
\c@Random@No@max=\count388
)
Package: pstricks-add 2018/02/04 v. 0.16 package wrapper for pstricks-add.tex (
hv)

("C:\Users\mtischha\AppData\Local\Programs\MiKTeX 2.9\tex/generic/pstricks-add\
pstricks-add.tex")
File: pstricks-add.tex 2007/03/10 v1.01 `PSTricks-add' (hv)
))
("C:\Users\mtischha\AppData\Local\Programs\MiKTeX 2.9\tex/latex/supertabular\su
pertabular.sty"
Package: supertabular 2004/02/20 v4.1e the supertabular environment
\c@tracingst=\count389
\ST@wd=\dimen294
\ST@rightskip=\skip75
\ST@leftskip=\skip76
\ST@parfillskip=\skip77
\ST@pageleft=\dimen295
\ST@headht=\dimen296
\ST@tailht=\dimen297
\ST@pagesofar=\dimen298
\ST@pboxht=\dimen299
\ST@lineht=\dimen300
\ST@stretchht=\dimen301
\ST@prevht=\dimen302
\ST@toadd=\dimen303
\ST@dimen=\dimen304
\ST@pbox=\box70
)
("C:\Users\mtischha\AppData\Local\Programs\MiKTeX 2.9\tex/latex/caption\caption
.sty"
Package: caption 2019/09/01 v3.3d Customizing captions (AR)

("C:\Users\mtischha\AppData\Local\Programs\MiKTeX 2.9\tex/latex/caption\caption
3.sty"
Package: caption3 2019/09/01 v1.8d caption3 kernel (AR)
Package caption3 Info: TeX engine: e-TeX on input line 64.
\captionmargin=\dimen305
\captionmargin@=\dimen306
\captionwidth=\dimen307
\caption@tempdima=\dimen308
\caption@indent=\dimen309
\caption@parindent=\dimen310
\caption@hangindent=\dimen311
)
Package caption Info: KOMA-Script document class.
\c@caption@flags=\count390
\c@ContinuedFloat=\count391
Package caption Info: hyperref package is loaded.
Package caption Info: supertabular package is loaded.
Package caption Info: wrapfig package is loaded.
)
("C:\Users\mtischha\AppData\Local\Programs\MiKTeX 2.9\tex/latex/subfig\subfig.s
ty"
Package: subfig 2005/06/28 ver: 1.3 subfig package
\c@KVtest=\count392
\sf@farskip=\skip78
\sf@captopadj=\dimen312
\sf@capskip=\skip79
\sf@nearskip=\skip80
\c@subfigure=\count393
\c@subfigure@save=\count394
\c@lofdepth=\count395
\c@subtable=\count396
\c@subtable@save=\count397
\c@lotdepth=\count398
\sf@top=\skip81
\sf@bottom=\skip82
)
("C:\Users\mtischha\AppData\Local\Programs\MiKTeX 2.9\tex/latex/mdwtools\footno
te.sty"
Package: footnote 1997/01/28 1.13 Save footnotes around boxes
\fn@notes=\box71
\fn@width=\dimen313
)
("C:\Users\mtischha\AppData\Local\Programs\MiKTeX 2.9\tex/latex/float\float.sty
"
Package: float 2001/11/08 v1.3d Float enhancements (AL)
\c@float@type=\count399
\float@exts=\toks51
\float@box=\box72
\@float@everytoks=\toks52
\@floatcapt=\box73
)
("C:\Users\mtischha\AppData\Local\Programs\MiKTeX 2.9\tex/latex/multirow\multir
ow.sty"
Package: multirow 2019/05/31 v2.5 Span multiple rows of a table
\multirow@colwidth=\skip83
\multirow@cntb=\count400
\multirow@dima=\skip84
\bigstrutjot=\dimen314
)
("C:\Users\mtischha\AppData\Local\Programs\MiKTeX 2.9\tex/latex/pdfpages\pdfpag
es.sty"
Package: pdfpages 2017/10/31 v0.5l Insert pages of external PDF documents (AM)

("C:\Users\mtischha\AppData\Local\Programs\MiKTeX 2.9\tex/latex/tools\calc.sty"
Package: calc 2017/05/25 v4.3 Infix arithmetic (KKT,FJ)
\calc@Acount=\count401
\calc@Bcount=\count402
\calc@Adimen=\dimen315
\calc@Bdimen=\dimen316
\calc@Askip=\skip85
\calc@Bskip=\skip86
LaTeX Info: Redefining \setlength on input line 80.
LaTeX Info: Redefining \addtolength on input line 81.
\calc@Ccount=\count403
\calc@Cskip=\skip87
)
("C:\Users\mtischha\AppData\Local\Programs\MiKTeX 2.9\tex/latex/eso-pic\eso-pic
.sty"
Package: eso-pic 2018/04/12 v2.0h eso-pic (RN)
)
\AM@pagewidth=\dimen317
\AM@pageheight=\dimen318

("C:\Users\mtischha\AppData\Local\Programs\MiKTeX 2.9\tex/latex/pdfpages\pppdft
ex.def"
File: pppdftex.def 2017/10/31 v0.5l Pdfpages driver for pdfTeX (AM)
)
\AM@pagebox=\box74
\AM@global@opts=\toks53
\AM@toc@title=\toks54
\c@AM@survey=\count404
\AM@templatesizebox=\box75
)
("C:\Users\mtischha\AppData\Local\Programs\MiKTeX 2.9\tex/latex/pgf/basiclayer\
pgf.sty"
("C:\Users\mtischha\AppData\Local\Programs\MiKTeX 2.9\tex/latex/pgf/utilities\p
gfrcs.sty"
("C:\Users\mtischha\AppData\Local\Programs\MiKTeX 2.9\tex/generic/pgf/utilities
\pgfutil-common.tex"
\pgfutil@everybye=\toks55
\pgfutil@tempdima=\dimen319
\pgfutil@tempdimb=\dimen320

("C:\Users\mtischha\AppData\Local\Programs\MiKTeX 2.9\tex/generic/pgf/utilities
\pgfutil-common-lists.tex"))
("C:\Users\mtischha\AppData\Local\Programs\MiKTeX 2.9\tex/generic/pgf/utilities
\pgfutil-latex.def"
\pgfutil@abb=\box76

("C:\Users\mtischha\AppData\Local\Programs\MiKTeX 2.9\tex/latex/ms\everyshi.sty
"
Package: everyshi 2001/05/15 v3.00 EveryShipout Package (MS)
))
("C:\Users\mtischha\AppData\Local\Programs\MiKTeX 2.9\tex/generic/pgf/utilities
\pgfrcs.code.tex"
("C:\Users\mtischha\AppData\Local\Programs\MiKTeX 2.9\tex/generic/pgf\pgf.revis
ion.tex")
Package: pgfrcs 2019/08/03 v3.1.4b (3.1.4b)
))
Package: pgf 2019/08/03 v3.1.4b (3.1.4b)

("C:\Users\mtischha\AppData\Local\Programs\MiKTeX 2.9\tex/latex/pgf/basiclayer\
pgfcore.sty"
("C:\Users\mtischha\AppData\Local\Programs\MiKTeX 2.9\tex/latex/pgf/systemlayer
\pgfsys.sty"
("C:\Users\mtischha\AppData\Local\Programs\MiKTeX 2.9\tex/generic/pgf/systemlay
er\pgfsys.code.tex"
Package: pgfsys 2019/08/03 v3.1.4b (3.1.4b)

("C:\Users\mtischha\AppData\Local\Programs\MiKTeX 2.9\tex/generic/pgf/utilities
\pgfkeys.code.tex")
\pgf@x=\dimen321
\pgf@y=\dimen322
\pgf@xa=\dimen323
\pgf@ya=\dimen324
\pgf@xb=\dimen325
\pgf@yb=\dimen326
\pgf@xc=\dimen327
\pgf@yc=\dimen328
\pgf@xd=\dimen329
\pgf@yd=\dimen330
\w@pgf@writea=\write6
\r@pgf@reada=\read5
\c@pgf@counta=\count405
\c@pgf@countb=\count406
\c@pgf@countc=\count407
\c@pgf@countd=\count408
\t@pgf@toka=\toks56
\t@pgf@tokb=\toks57
\t@pgf@tokc=\toks58
\pgf@sys@id@count=\count409

("C:\Users\mtischha\AppData\Local\Programs\MiKTeX 2.9\tex/generic/pgf/systemlay
er\pgf.cfg"
File: pgf.cfg 2019/08/03 v3.1.4b (3.1.4b)
)
Driver file for pgf: pgfsys-pdftex.def

("C:\Users\mtischha\AppData\Local\Programs\MiKTeX 2.9\tex/generic/pgf/systemlay
er\pgfsys-pdftex.def"
File: pgfsys-pdftex.def 2019/08/03 v3.1.4b (3.1.4b)

("C:\Users\mtischha\AppData\Local\Programs\MiKTeX 2.9\tex/generic/pgf/systemlay
er\pgfsys-common-pdf.def"
File: pgfsys-common-pdf.def 2019/08/03 v3.1.4b (3.1.4b)
)))
("C:\Users\mtischha\AppData\Local\Programs\MiKTeX 2.9\tex/generic/pgf/systemlay
er\pgfsyssoftpath.code.tex"
File: pgfsyssoftpath.code.tex 2019/08/03 v3.1.4b (3.1.4b)
\pgfsyssoftpath@smallbuffer@items=\count410
\pgfsyssoftpath@bigbuffer@items=\count411
)
("C:\Users\mtischha\AppData\Local\Programs\MiKTeX 2.9\tex/generic/pgf/systemlay
er\pgfsysprotocol.code.tex"
File: pgfsysprotocol.code.tex 2019/08/03 v3.1.4b (3.1.4b)
))
("C:\Users\mtischha\AppData\Local\Programs\MiKTeX 2.9\tex/generic/pgf/basiclaye
r\pgfcore.code.tex"
Package: pgfcore 2019/08/03 v3.1.4b (3.1.4b)

("C:\Users\mtischha\AppData\Local\Programs\MiKTeX 2.9\tex/generic/pgf/math\pgfm
ath.code.tex")
("C:\Users\mtischha\AppData\Local\Programs\MiKTeX 2.9\tex/generic/pgf/math\pgfi
nt.code.tex")
("C:\Users\mtischha\AppData\Local\Programs\MiKTeX 2.9\tex/generic/pgf/basiclaye
r\pgfcorepoints.code.tex"
File: pgfcorepoints.code.tex 2019/08/03 v3.1.4b (3.1.4b)
\pgf@picminx=\dimen331
\pgf@picmaxx=\dimen332
\pgf@picminy=\dimen333
\pgf@picmaxy=\dimen334
\pgf@pathminx=\dimen335
\pgf@pathmaxx=\dimen336
\pgf@pathminy=\dimen337
\pgf@pathmaxy=\dimen338
\pgf@xx=\dimen339
\pgf@xy=\dimen340
\pgf@yx=\dimen341
\pgf@yy=\dimen342
\pgf@zx=\dimen343
\pgf@zy=\dimen344
)
("C:\Users\mtischha\AppData\Local\Programs\MiKTeX 2.9\tex/generic/pgf/basiclaye
r\pgfcorepathconstruct.code.tex"
File: pgfcorepathconstruct.code.tex 2019/08/03 v3.1.4b (3.1.4b)
\pgf@path@lastx=\dimen345
\pgf@path@lasty=\dimen346
)
("C:\Users\mtischha\AppData\Local\Programs\MiKTeX 2.9\tex/generic/pgf/basiclaye
r\pgfcorepathusage.code.tex"
File: pgfcorepathusage.code.tex 2019/08/03 v3.1.4b (3.1.4b)
\pgf@shorten@end@additional=\dimen347
\pgf@shorten@start@additional=\dimen348
)
("C:\Users\mtischha\AppData\Local\Programs\MiKTeX 2.9\tex/generic/pgf/basiclaye
r\pgfcorescopes.code.tex"
File: pgfcorescopes.code.tex 2019/08/03 v3.1.4b (3.1.4b)
\pgfpic=\box77
\pgf@hbox=\box78
\pgf@layerbox@main=\box79
\pgf@picture@serial@count=\count412
)
("C:\Users\mtischha\AppData\Local\Programs\MiKTeX 2.9\tex/generic/pgf/basiclaye
r\pgfcoregraphicstate.code.tex"
File: pgfcoregraphicstate.code.tex 2019/08/03 v3.1.4b (3.1.4b)
\pgflinewidth=\dimen349
)
("C:\Users\mtischha\AppData\Local\Programs\MiKTeX 2.9\tex/generic/pgf/basiclaye
r\pgfcoretransformations.code.tex"
File: pgfcoretransformations.code.tex 2019/08/03 v3.1.4b (3.1.4b)
\pgf@pt@x=\dimen350
\pgf@pt@y=\dimen351
\pgf@pt@temp=\dimen352
)
("C:\Users\mtischha\AppData\Local\Programs\MiKTeX 2.9\tex/generic/pgf/basiclaye
r\pgfcorequick.code.tex"
File: pgfcorequick.code.tex 2019/08/03 v3.1.4b (3.1.4b)
)
("C:\Users\mtischha\AppData\Local\Programs\MiKTeX 2.9\tex/generic/pgf/basiclaye
r\pgfcoreobjects.code.tex"
File: pgfcoreobjects.code.tex 2019/08/03 v3.1.4b (3.1.4b)
)
("C:\Users\mtischha\AppData\Local\Programs\MiKTeX 2.9\tex/generic/pgf/basiclaye
r\pgfcorepathprocessing.code.tex"
File: pgfcorepathprocessing.code.tex 2019/08/03 v3.1.4b (3.1.4b)
)
("C:\Users\mtischha\AppData\Local\Programs\MiKTeX 2.9\tex/generic/pgf/basiclaye
r\pgfcorearrows.code.tex"
File: pgfcorearrows.code.tex 2019/08/03 v3.1.4b (3.1.4b)
\pgfarrowsep=\dimen353
)
("C:\Users\mtischha\AppData\Local\Programs\MiKTeX 2.9\tex/generic/pgf/basiclaye
r\pgfcoreshade.code.tex"
File: pgfcoreshade.code.tex 2019/08/03 v3.1.4b (3.1.4b)
\pgf@max=\dimen354
\pgf@sys@shading@range@num=\count413
\pgf@shadingcount=\count414
)
("C:\Users\mtischha\AppData\Local\Programs\MiKTeX 2.9\tex/generic/pgf/basiclaye
r\pgfcoreimage.code.tex"
File: pgfcoreimage.code.tex 2019/08/03 v3.1.4b (3.1.4b)

("C:\Users\mtischha\AppData\Local\Programs\MiKTeX 2.9\tex/generic/pgf/basiclaye
r\pgfcoreexternal.code.tex"
File: pgfcoreexternal.code.tex 2019/08/03 v3.1.4b (3.1.4b)
\pgfexternal@startupbox=\box80
))
("C:\Users\mtischha\AppData\Local\Programs\MiKTeX 2.9\tex/generic/pgf/basiclaye
r\pgfcorelayers.code.tex"
File: pgfcorelayers.code.tex 2019/08/03 v3.1.4b (3.1.4b)
)
("C:\Users\mtischha\AppData\Local\Programs\MiKTeX 2.9\tex/generic/pgf/basiclaye
r\pgfcoretransparency.code.tex"
File: pgfcoretransparency.code.tex 2019/08/03 v3.1.4b (3.1.4b)
)
("C:\Users\mtischha\AppData\Local\Programs\MiKTeX 2.9\tex/generic/pgf/basiclaye
r\pgfcorepatterns.code.tex"
File: pgfcorepatterns.code.tex 2019/08/03 v3.1.4b (3.1.4b)
)
("C:\Users\mtischha\AppData\Local\Programs\MiKTeX 2.9\tex/generic/pgf/basiclaye
r\pgfcorerdf.code.tex"
File: pgfcorerdf.code.tex 2019/08/03 v3.1.4b (3.1.4b)
)))
("C:\Users\mtischha\AppData\Local\Programs\MiKTeX 2.9\tex/generic/pgf/modules\p
gfmoduleshapes.code.tex"
File: pgfmoduleshapes.code.tex 2019/08/03 v3.1.4b (3.1.4b)
\pgfnodeparttextbox=\box81
)
("C:\Users\mtischha\AppData\Local\Programs\MiKTeX 2.9\tex/generic/pgf/modules\p
gfmoduleplot.code.tex"
File: pgfmoduleplot.code.tex 2019/08/03 v3.1.4b (3.1.4b)
)
("C:\Users\mtischha\AppData\Local\Programs\MiKTeX 2.9\tex/latex/pgf/compatibili
ty\pgfcomp-version-0-65.sty"
Package: pgfcomp-version-0-65 2019/08/03 v3.1.4b (3.1.4b)
\pgf@nodesepstart=\dimen355
\pgf@nodesepend=\dimen356
)
("C:\Users\mtischha\AppData\Local\Programs\MiKTeX 2.9\tex/latex/pgf/compatibili
ty\pgfcomp-version-1-18.sty"
Package: pgfcomp-version-1-18 2019/08/03 v3.1.4b (3.1.4b)
))
("C:\Users\mtischha\AppData\Local\Programs\MiKTeX 2.9\tex/latex/pgf/frontendlay
er\tikz.sty"
("C:\Users\mtischha\AppData\Local\Programs\MiKTeX 2.9\tex/latex/pgf/utilities\p
gffor.sty"
("C:\Users\mtischha\AppData\Local\Programs\MiKTeX 2.9\tex/latex/pgf/utilities\p
gfkeys.sty"
("C:\Users\mtischha\AppData\Local\Programs\MiKTeX 2.9\tex/generic/pgf/utilities
\pgfkeys.code.tex"))
("C:\Users\mtischha\AppData\Local\Programs\MiKTeX 2.9\tex/latex/pgf/math\pgfmat
h.sty"
("C:\Users\mtischha\AppData\Local\Programs\MiKTeX 2.9\tex/generic/pgf/math\pgfm
ath.code.tex"))
("C:\Users\mtischha\AppData\Local\Programs\MiKTeX 2.9\tex/generic/pgf/utilities
\pgffor.code.tex"
Package: pgffor 2019/08/03 v3.1.4b (3.1.4b)

("C:\Users\mtischha\AppData\Local\Programs\MiKTeX 2.9\tex/generic/pgf/math\pgfm
ath.code.tex")
\pgffor@iter=\dimen357
\pgffor@skip=\dimen358
\pgffor@stack=\toks59
\pgffor@toks=\toks60
))
("C:\Users\mtischha\AppData\Local\Programs\MiKTeX 2.9\tex/generic/pgf/frontendl
ayer/tikz\tikz.code.tex"
Package: tikz 2019/08/03 v3.1.4b (3.1.4b)

("C:\Users\mtischha\AppData\Local\Programs\MiKTeX 2.9\tex/generic/pgf/libraries
\pgflibraryplothandlers.code.tex"
File: pgflibraryplothandlers.code.tex 2019/08/03 v3.1.4b (3.1.4b)
\pgf@plot@mark@count=\count415
\pgfplotmarksize=\dimen359
)
\tikz@lastx=\dimen360
\tikz@lasty=\dimen361
\tikz@lastxsaved=\dimen362
\tikz@lastysaved=\dimen363
\tikz@lastmovetox=\dimen364
\tikz@lastmovetoy=\dimen365
\tikzleveldistance=\dimen366
\tikzsiblingdistance=\dimen367
\tikz@figbox=\box82
\tikz@figbox@bg=\box83
\tikz@tempbox=\box84
\tikz@tempbox@bg=\box85
\tikztreelevel=\count416
\tikznumberofchildren=\count417
\tikznumberofcurrentchild=\count418
\tikz@fig@count=\count419

("C:\Users\mtischha\AppData\Local\Programs\MiKTeX 2.9\tex/generic/pgf/modules\p
gfmodulematrix.code.tex"
File: pgfmodulematrix.code.tex 2019/08/03 v3.1.4b (3.1.4b)
\pgfmatrixcurrentrow=\count420
\pgfmatrixcurrentcolumn=\count421
\pgf@matrix@numberofcolumns=\count422
)
\tikz@expandcount=\count423

("C:\Users\mtischha\AppData\Local\Programs\MiKTeX 2.9\tex/generic/pgf/frontendl
ayer/tikz/libraries\tikzlibrarytopaths.code.tex"
File: tikzlibrarytopaths.code.tex 2019/08/03 v3.1.4b (3.1.4b)
)))
("C:\Users\mtischha\AppData\Local\Programs\MiKTeX 2.9\tex/latex/titlesec\titlet
oc.sty"
Package: titletoc 2019/09/09 v2.12 TOC entries
\ttl@leftsep=\dimen368
)
("C:\Users\mtischha\AppData\Local\Programs\MiKTeX 2.9\tex/latex/cancel\cancel.s
ty"
Package: cancel 2013/04/12 v2.2 Cancel math terms
)
("C:\Users\mtischha\AppData\Local\Programs\MiKTeX 2.9\tex/latex/trfsigns\trfsig
ns.sty"
Package: trfsigns 
)
("C:\Users\mtischha\AppData\Local\Programs\MiKTeX 2.9\tex/latex/base\textcomp.s
ty"
Package: textcomp 2018/08/11 v2.0j Standard LaTeX package
Package textcomp Info: Sub-encoding information:
(textcomp)               5 = only ISO-Adobe without \textcurrency
(textcomp)               4 = 5 + \texteuro
(textcomp)               3 = 4 + \textohm
(textcomp)               2 = 3 + \textestimated + \textcurrency
(textcomp)               1 = TS1 - \textcircled - \t
(textcomp)               0 = TS1 (full)
(textcomp)             Font families with sub-encoding setting implement
(textcomp)             only a restricted character set as indicated.
(textcomp)             Family '?' is the default used for unknown fonts.
(textcomp)             See the documentation for details.
Package textcomp Info: Setting ? sub-encoding to TS1/1 on input line 79.

("C:\Users\mtischha\AppData\Local\Programs\MiKTeX 2.9\tex/latex/base\ts1enc.def
"
File: ts1enc.def 2001/06/05 v3.0e (jk/car/fm) Standard LaTeX file
)
LaTeX Info: Redefining \oldstylenums on input line 334.
Package textcomp Info: Setting cmr sub-encoding to TS1/0 on input line 349.
Package textcomp Info: Setting cmss sub-encoding to TS1/0 on input line 350.
Package textcomp Info: Setting cmtt sub-encoding to TS1/0 on input line 351.
Package textcomp Info: Setting cmvtt sub-encoding to TS1/0 on input line 352.
Package textcomp Info: Setting cmbr sub-encoding to TS1/0 on input line 353.
Package textcomp Info: Setting cmtl sub-encoding to TS1/0 on input line 354.
Package textcomp Info: Setting ccr sub-encoding to TS1/0 on input line 355.
Package textcomp Info: Setting ptm sub-encoding to TS1/4 on input line 356.
Package textcomp Info: Setting pcr sub-encoding to TS1/4 on input line 357.
Package textcomp Info: Setting phv sub-encoding to TS1/4 on input line 358.
Package textcomp Info: Setting ppl sub-encoding to TS1/3 on input line 359.
Package textcomp Info: Setting pag sub-encoding to TS1/4 on input line 360.
Package textcomp Info: Setting pbk sub-encoding to TS1/4 on input line 361.
Package textcomp Info: Setting pnc sub-encoding to TS1/4 on input line 362.
Package textcomp Info: Setting pzc sub-encoding to TS1/4 on input line 363.
Package textcomp Info: Setting bch sub-encoding to TS1/4 on input line 364.
Package textcomp Info: Setting put sub-encoding to TS1/5 on input line 365.
Package textcomp Info: Setting uag sub-encoding to TS1/5 on input line 366.
Package textcomp Info: Setting ugq sub-encoding to TS1/5 on input line 367.
Package textcomp Info: Setting ul8 sub-encoding to TS1/4 on input line 368.
Package textcomp Info: Setting ul9 sub-encoding to TS1/4 on input line 369.
Package textcomp Info: Setting augie sub-encoding to TS1/5 on input line 370.
Package textcomp Info: Setting dayrom sub-encoding to TS1/3 on input line 371.
Package textcomp Info: Setting dayroms sub-encoding to TS1/3 on input line 372.

Package textcomp Info: Setting pxr sub-encoding to TS1/0 on input line 373.
Package textcomp Info: Setting pxss sub-encoding to TS1/0 on input line 374.
Package textcomp Info: Setting pxtt sub-encoding to TS1/0 on input line 375.
Package textcomp Info: Setting txr sub-encoding to TS1/0 on input line 376.
Package textcomp Info: Setting txss sub-encoding to TS1/0 on input line 377.
Package textcomp Info: Setting txtt sub-encoding to TS1/0 on input line 378.
Package textcomp Info: Setting lmr sub-encoding to TS1/0 on input line 379.
Package textcomp Info: Setting lmdh sub-encoding to TS1/0 on input line 380.
Package textcomp Info: Setting lmss sub-encoding to TS1/0 on input line 381.
Package textcomp Info: Setting lmssq sub-encoding to TS1/0 on input line 382.
Package textcomp Info: Setting lmvtt sub-encoding to TS1/0 on input line 383.
Package textcomp Info: Setting lmtt sub-encoding to TS1/0 on input line 384.
Package textcomp Info: Setting qhv sub-encoding to TS1/0 on input line 385.
Package textcomp Info: Setting qag sub-encoding to TS1/0 on input line 386.
Package textcomp Info: Setting qbk sub-encoding to TS1/0 on input line 387.
Package textcomp Info: Setting qcr sub-encoding to TS1/0 on input line 388.
Package textcomp Info: Setting qcs sub-encoding to TS1/0 on input line 389.
Package textcomp Info: Setting qpl sub-encoding to TS1/0 on input line 390.
Package textcomp Info: Setting qtm sub-encoding to TS1/0 on input line 391.
Package textcomp Info: Setting qzc sub-encoding to TS1/0 on input line 392.
Package textcomp Info: Setting qhvc sub-encoding to TS1/0 on input line 393.
Package textcomp Info: Setting futs sub-encoding to TS1/4 on input line 394.
Package textcomp Info: Setting futx sub-encoding to TS1/4 on input line 395.
Package textcomp Info: Setting futj sub-encoding to TS1/4 on input line 396.
Package textcomp Info: Setting hlh sub-encoding to TS1/3 on input line 397.
Package textcomp Info: Setting hls sub-encoding to TS1/3 on input line 398.
Package textcomp Info: Setting hlst sub-encoding to TS1/3 on input line 399.
Package textcomp Info: Setting hlct sub-encoding to TS1/5 on input line 400.
Package textcomp Info: Setting hlx sub-encoding to TS1/5 on input line 401.
Package textcomp Info: Setting hlce sub-encoding to TS1/5 on input line 402.
Package textcomp Info: Setting hlcn sub-encoding to TS1/5 on input line 403.
Package textcomp Info: Setting hlcw sub-encoding to TS1/5 on input line 404.
Package textcomp Info: Setting hlcf sub-encoding to TS1/5 on input line 405.
Package textcomp Info: Setting pplx sub-encoding to TS1/3 on input line 406.
Package textcomp Info: Setting pplj sub-encoding to TS1/3 on input line 407.
Package textcomp Info: Setting ptmx sub-encoding to TS1/4 on input line 408.
Package textcomp Info: Setting ptmj sub-encoding to TS1/4 on input line 409.
)
("C:\Users\mtischha\AppData\Local\Programs\MiKTeX 2.9\tex/latex/geometry\geomet
ry.sty"
Package: geometry 2018/04/16 v5.8 Page Geometry
\Gm@cnth=\count424
\Gm@cntv=\count425
\c@Gm@tempcnt=\count426
\Gm@bindingoffset=\dimen369
\Gm@wd@mp=\dimen370
\Gm@odd@mp=\dimen371
\Gm@even@mp=\dimen372
\Gm@layoutwidth=\dimen373
\Gm@layoutheight=\dimen374
\Gm@layouthoffset=\dimen375
\Gm@layoutvoffset=\dimen376
\Gm@dimlist=\toks61

("C:\Users\mtischha\AppData\Local\Programs\MiKTeX 2.9\tex/latex/geometry\geomet
ry.cfg"))) (HSR_SRS_main.aux (content/title/titel.aux))
\openout1 = `HSR_SRS_main.aux'.

LaTeX Font Info:    Checking defaults for OML/cmm/m/it on input line 14.
LaTeX Font Info:    ... okay on input line 14.
LaTeX Font Info:    Checking defaults for T1/cmr/m/n on input line 14.
LaTeX Font Info:    ... okay on input line 14.
LaTeX Font Info:    Checking defaults for OT1/cmr/m/n on input line 14.
LaTeX Font Info:    ... okay on input line 14.
LaTeX Font Info:    Checking defaults for OMS/cmsy/m/n on input line 14.
LaTeX Font Info:    ... okay on input line 14.
LaTeX Font Info:    Checking defaults for OMX/cmex/m/n on input line 14.
LaTeX Font Info:    ... okay on input line 14.
LaTeX Font Info:    Checking defaults for U/cmr/m/n on input line 14.
LaTeX Font Info:    ... okay on input line 14.
LaTeX Font Info:    Checking defaults for PD1/pdf/m/n on input line 14.
LaTeX Font Info:    ... okay on input line 14.
LaTeX Font Info:    Checking defaults for TS1/cmr/m/n on input line 14.
LaTeX Font Info:    Try loading font information for TS1+cmr on input line 14.

("C:\Users\mtischha\AppData\Local\Programs\MiKTeX 2.9\tex/latex/base\ts1cmr.fd"
File: ts1cmr.fd 2014/09/29 v2.5h Standard LaTeX font definitions
)
LaTeX Font Info:    ... okay on input line 14.
\AtBeginShipoutBox=\box86
Package hyperref Info: Link coloring ON on input line 14.

("C:\Users\mtischha\AppData\Local\Programs\MiKTeX 2.9\tex/latex/hyperref\namere
f.sty"
Package: nameref 2016/05/21 v2.44 Cross-referencing by name of section

("C:\Users\mtischha\AppData\Local\Programs\MiKTeX 2.9\tex/generic/oberdiek\gett
itlestring.sty"
Package: gettitlestring 2016/05/16 v1.5 Cleanup title references (HO)
)
\c@section@level=\count427
)
LaTeX Info: Redefining \ref on input line 14.
LaTeX Info: Redefining \pageref on input line 14.
LaTeX Info: Redefining \nameref on input line 14.
 (HSR_SRS_main.out) (HSR_SRS_main.out)
\@outlinefile=\write7
\openout7 = `HSR_SRS_main.out'.

Class scrartcl Info: loading recommended package `bookmark'.
(scrartcl)           Using `bookmark' together with `hyperref' is recommended,
(scrartcl)           because of handling of possible bookmark level gaps.
(scrartcl)           You can avoid loading `bookmark' with KOMA-Script option
(scrartcl)           `bookmarkpackage=false' before \begin{document} and
(scrartcl)           you can avoid this message with `\usepackage{bookmark}'
(scrartcl)           before \begin{document} on input line 14.

("C:\Users\mtischha\AppData\Local\Programs\MiKTeX 2.9\tex/latex/oberdiek\bookma
rk.sty"
Package: bookmark 2019/06/04 v1.27 PDF bookmarks (HO)

("C:\Users\mtischha\AppData\Local\Programs\MiKTeX 2.9\tex/latex/oberdiek\bkm-pd
ftex.def"
File: bkm-pdftex.def 2019/06/04 v1.27 bookmark driver for pdfTeX (HO)
Package auxhook Info: \AddLineBeginMainAux comes a little late,
(auxhook)             because the main .aux file is already opened on input lin
e 164.
\BKM@id=\count428
))
("C:\Users\mtischha\AppData\Local\Programs\MiKTeX 2.9\tex/latex/ucs\ucsencs.def
"
File: ucsencs.def 2011/01/21 Fixes to fontencodings LGR, T3
)
("C:\Users\mtischha\AppData\Local\Programs\MiKTeX 2.9\tex/latex/translator\tran
slator-basic-dictionary-English.dict"
Dictionary: translator-basic-dictionary, Language: English 
)
("C:\Users\mtischha\AppData\Local\Programs\MiKTeX 2.9\tex/latex/siunitx\siunitx
-abbreviations.cfg"
File: siunitx-abbreviations.cfg 2017/11/26 v2.7k siunitx: Abbreviated units
)
("C:\Users\mtischha\AppData\Local\Programs\MiKTeX 2.9\tex/latex/tools\xspace.st
y"
Package: xspace 2014/10/28 v1.13 Space after command names (DPC,MH)
)
isodate: babel.sty has been loaded

("C:\Users\mtischha\AppData\Local\Programs\MiKTeX 2.9\tex/context/base/mkii\sup
p-pdf.mkii"
[Loading MPS to PDF converter (version 2006.09.02).]
\scratchcounter=\count429
\scratchdimen=\dimen377
\scratchbox=\box87
\nofMPsegments=\count430
\nofMParguments=\count431
\everyMPshowfont=\toks62
\MPscratchCnt=\count432
\MPscratchDim=\dimen378
\MPnumerator=\count433
\makeMPintoPDFobject=\count434
\everyMPtoPDFconversion=\toks63
)
Package lastpage Info: Please have a look at the pageslts package at
(lastpage)             https://www.ctan.org/pkg/pageslts
(lastpage)             ! on input line 14.

Preview: Fontsize 10.95pt
Preview: PDFoutput 1
Package caption Info: Begin \AtBeginDocument code.
Package caption Info: subfig package v1.3 is loaded.
Package caption Info: float package is loaded.
Package caption Info: End \AtBeginDocument code.

("C:\Users\mtischha\AppData\Local\Programs\MiKTeX 2.9\tex/latex/oberdiek\pdflsc
ape.sty"
Package: pdflscape 2016/05/14 v0.11 Display of landscape pages in PDF (HO)

("C:\Users\mtischha\AppData\Local\Programs\MiKTeX 2.9\tex/latex/graphics\lscape
.sty"
Package: lscape 2000/10/22 v3.01 Landscape Pages (DPC)
)
Package pdflscape Info: Auto-detected driver: pdftex on input line 81.
) ABD: EveryShipout initializing macros
*geometry* driver: auto-detecting
*geometry* detected driver: pdftex
*geometry* verbose mode - [ preamble ] result:
* driver: pdftex
* paper: a4paper
* layout: <same size as paper>
* layoutoffset:(h,v)=(0.0pt,0.0pt)
* modes: includehead includefoot 
* h-part:(L,W,R)=(56.9055pt, 483.69687pt, 56.9055pt)
* v-part:(T,H,B)=(56.9055pt, 731.23584pt, 56.9055pt)
* \paperwidth=597.50787pt
* \paperheight=845.04684pt
* \textwidth=483.69687pt
* \textheight=646.23582pt
* \oddsidemargin=-15.36449pt
* \evensidemargin=-15.36449pt
* \topmargin=-15.36449pt
* \headheight=17.0pt
* \headsep=20.40001pt
* \topskip=11.0pt
* \footskip=47.6pt
* \marginparwidth=54.2025pt
* \marginparsep=12.8401pt
* \columnsep=10.0pt
* \skip\footins=10.0pt plus 4.0pt minus 2.0pt
* \hoffset=0.0pt
* \voffset=0.0pt
* \mag=1000
* \@twocolumnfalse
* \@twosidefalse
* \@mparswitchfalse
* \@reversemarginfalse
* (1in=72.27pt=25.4mm, 1cm=28.453pt)

LaTeX Font Info:    Try loading font information for U+msa on input line 14.

("C:\Users\mtischha\AppData\Local\Programs\MiKTeX 2.9\tex/latex/amsfonts\umsa.f
d"
File: umsa.fd 2013/01/14 v3.01 AMS symbols A
)
LaTeX Font Info:    Try loading font information for U+msb on input line 14.

("C:\Users\mtischha\AppData\Local\Programs\MiKTeX 2.9\tex/latex/amsfonts\umsb.f
d"
File: umsb.fd 2013/01/14 v3.01 AMS symbols B
)
LaTeX Font Info:    Try loading font information for U+wasy on input line 14.

("C:\Users\mtischha\AppData\Local\Programs\MiKTeX 2.9\tex/latex/wasysym\uwasy.f
d"
File: uwasy.fd 2003/10/30 v2.0 Wasy-2 symbol font definitions
)
\openout2 = `content/title/titel.aux'.

 (content/title/titel.tex
*geometry* verbose mode - [ newgeometry ] result:
* driver: pdftex
* paper: a4paper
* layout: <same size as paper>
* layoutoffset:(h,v)=(0.0pt,0.0pt)
* modes: 
* h-part:(L,W,R)=(56.9055pt, 483.69687pt, 56.9055pt)
* v-part:(T,H,B)=(28.45274pt, 788.14136pt, 28.45274pt)
* \paperwidth=597.50787pt
* \paperheight=845.04684pt
* \textwidth=483.69687pt
* \textheight=788.14136pt
* \oddsidemargin=-15.36449pt
* \evensidemargin=-15.36449pt
* \topmargin=-81.21725pt
* \headheight=17.0pt
* \headsep=20.40001pt
* \topskip=11.0pt
* \footskip=47.6pt
* \marginparwidth=54.2025pt
* \marginparsep=12.8401pt
* \columnsep=10.0pt
* \skip\footins=10.0pt plus 4.0pt minus 2.0pt
* \hoffset=0.0pt
* \voffset=0.0pt
* \mag=1000
* \@twocolumnfalse
* \@twosidefalse
* \@mparswitchfalse
* \@reversemarginfalse
* (1in=72.27pt=25.4mm, 1cm=28.453pt)

Package epstopdf Info: Source file: <content/title/HSR_Logo_CMYK.eps>
(epstopdf)                    date: 2017-09-12 11:12:36
(epstopdf)                    size: 413438 bytes
(epstopdf)             Output file: <content/title/HSR_Logo_CMYK-eps-converted-
to.pdf>
(epstopdf)                    date: 2019-09-20 10:57:00
(epstopdf)                    size: 18749 bytes
(epstopdf)             Command: <epstopdf --outfile=content/title/HSR_Logo_CMYK
-eps-converted-to.pdf content/title/HSR_Logo_CMYK.eps>
(epstopdf)             \includegraphics on input line 5.
Package epstopdf Info: Output file is already uptodate.


pdfTeX warning: pdflatex.exe (file ./content/title/HSR_Logo_CMYK-eps-converted-
to.pdf): PDF inclusion: found PDF version <1.7>, but at most version <1.5> allo
wed
<content/title/HSR_Logo_CMYK-eps-converted-to.pdf, id=6, 184.69pt x 72.27pt>
File: content/title/HSR_Logo_CMYK-eps-converted-to.pdf Graphic file (type pdf)
<use content/title/HSR_Logo_CMYK-eps-converted-to.pdf>
Package pdftex.def Info: content/title/HSR_Logo_CMYK-eps-converted-to.pdf  used
 on input line 5.
(pdftex.def)             Requested size: 118.3928pt x 42.67912pt.
("C:\Users\mtischha\AppData\Local\Programs\MiKTeX 2.9\tex/latex/ucs\uni-0.def"
File: uni-0.def 2013/05/13 UCS: Unicode data U+0000..U+00FF
) [1


Non-PDF special ignored!
<special> ps: /pssetRGBcolor /setrgbcolor load def /pssetCMYKcolor /setcmyk...
Non-PDF special ignored!
<special> ps:tx@Dict begin  gsave STV CP T /ps@rot 0 def grestore  end
Non-PDF special ignored!
<special> ps:tx@Dict begin  gsave STV CP T /ps@refangle 0.  def grestore  e...


{C:/Users/mtischha/AppData/Local/MiKTeX/2.9/pdftex/config/pdftex.map} <./conten
t/title/HSR_Logo_CMYK-eps-converted-to.pdf>])
LaTeX Font Info:    Try loading font information for T1+cmss on input line 38.

("C:\Users\mtischha\AppData\Local\Programs\MiKTeX 2.9\tex/latex/base\t1cmss.fd"
File: t1cmss.fd 2014/09/29 v2.5h Standard LaTeX font definitions
) (HSR_SRS_main.toc
Package tocbasic Info: Using my definition of `\numberline' on input line 3.
Package tocbasic Info: Using my definition of `\numberline' on input line 4.
Package tocbasic Info: Using my definition of `\numberline' on input line 5.
Package tocbasic Info: Using my definition of `\numberline' on input line 6.
Package tocbasic Info: Using my definition of `\numberline' on input line 7.
Package tocbasic Info: Using my definition of `\numberline' on input line 8.
Package tocbasic Info: Using my definition of `\numberline' on input line 9.
Package tocbasic Info: Using my definition of `\numberline' on input line 24.
Package tocbasic Info: Using my definition of `\numberline' on input line 25.
)
\tf@toc=\write8
\openout8 = `HSR_SRS_main.toc'.

 [2


] (content/intro/einleitung.tex)
(content/auftrag/auftrag.tex) (content/funcReqs/funcReqs.tex [3] [4])
(content/otherReqs/otherReqs.tex [5]) [6] (HSR_SRS_main.bbl)

AED: lastpage setting LastPage
[7]
Package atveryend Info: Empty hook `BeforeClearDocument' on input line 84.
Package atveryend Info: Empty hook `AfterLastShipout' on input line 84.
 (HSR_SRS_main.aux (content/title/titel.aux))
Package atveryend Info: Executing hook `AtVeryEndDocument' on input line 84.
Package atveryend Info: Executing hook `AtEndAfterFileList' on input line 84.
Package rerunfilecheck Info: File `HSR_SRS_main.out' has not changed.
(rerunfilecheck)             Checksum: D41D8CD98F00B204E9800998ECF8427E;0.
Package atveryend Info: Empty hook `AtVeryVeryEnd' on input line 84.
 ) 
Here is how much of TeX's memory you used:
 43691 strings out of 492895
 861951 string characters out of 3122334
 1108783 words of memory out of 3000000
 46797 multiletter control sequences out of 15000+200000
 552755 words of font info for 70 fonts, out of 3000000 for 9000
 1141 hyphenation exceptions out of 8191
 59i,20n,100p,9108b,750s stack positions out of 5000i,500n,10000p,200000b,50000s
 <C:\Users\mtischha\AppData\Local\MiKTeX\2.9\fonts/pk/ljfour/jknappen/ec/dpi6
00\ecti1095.pk> <C:\Users\mtischha\AppData\Local\MiKTeX\2.9\fonts/pk/ljfour/jkn
appen/ec/dpi600\ecso1095.pk> <C:\Users\mtischha\AppData\Local\MiKTeX\2.9\fonts/
pk/ljfour/jknappen/ec/dpi600\ecbi0900.pk> <C:\Users\mtischha\AppData\Local\MiKT
eX\2.9\fonts/pk/ljfour/jknappen/ec/dpi600\ecsx1200.pk> <C:\Users\mtischha\AppDa
ta\Local\MiKTeX\2.9\fonts/pk/ljfour/jknappen/ec/dpi600\ecbx0900.pk> <C:\Users\m
tischha\AppData\Local\MiKTeX\2.9\fonts/pk/ljfour/jknappen/ec/dpi600\tcrm1095.pk
> <C:\Users\mtischha\AppData\Local\MiKTeX\2.9\fonts/pk/ljfour/jknappen/ec/dpi60
0\tcrm0900.pk> <C:\Users\mtischha\AppData\Local\MiKTeX\2.9\fonts/pk/ljfour/jkna
ppen/ec/dpi600\ecsx1095.pk> <C:\Users\mtischha\AppData\Local\MiKTeX\2.9\fonts/p
k/ljfour/jknappen/ec/dpi600\ecsx1440.pk> <C:\Users\mtischha\AppData\Local\MiKTe
X\2.9\fonts/pk/ljfour/jknappen/ec/dpi600\ecrm0900.pk> <C:\Users\mtischha\AppDat
a\Local\MiKTeX\2.9\fonts/pk/ljfour/jknappen/ec/dpi600\ecrm1095.pk> <C:\Users\mt
ischha\AppData\Local\MiKTeX\2.9\fonts/pk/ljfour/jknappen/ec/dpi600\ecbx1095.pk>
 <C:\Users\mtischha\AppData\Local\MiKTeX\2.9\fonts/pk/ljfour/jknappen/ec/dpi600
\ecrm1200.pk> <C:\Users\mtischha\AppData\Local\MiKTeX\2.9\fonts/pk/ljfour/jknap
pen/ec/dpi600\ecrm1440.pk> <C:\Users\mtischha\AppData\Local\MiKTeX\2.9\fonts/pk
/ljfour/jknappen/ec/dpi600\ecrm2488.pk>
Output written on HSR_SRS_main.pdf (7 pages, 163414 bytes).
PDF statistics:
 541 PDF objects out of 1000 (max. 8388607)
 34 named destinations out of 1000 (max. 500000)
 96 words of extra memory for PDF output out of 10000 (max. 10000000)

