Change Component Footprint: Designator=R1 Old Footprint=AXIAL-0.3 New Footprint=6-0805_M
Change Component Footprint: Designator=R3 Old Footprint=AXIAL-0.3 New Footprint=6-0805_M
Change Component Footprint: Designator=R4 Old Footprint=AXIAL-0.3 New Footprint=6-0805_M
Change Component Footprint: Designator=R2 Old Footprint=AXIAL-0.3 New Footprint=6-0805_N
Change Component Footprint: Designator=Q3 Old Footprint=E3 New Footprint=SOT23_L
Change Component Footprint: Designator=Q1 Old Footprint=E3 New Footprint=SOT23_M
Change Component Footprint: Designator=Q2 Old Footprint=E3 New Footprint=SOT23_M
Change Component Footprint: Designator=Q4 Old Footprint=E3 New Footprint=SOT23_M
Change Component Footprint: Designator=Q5 Old Footprint=E3 New Footprint=SOT23_M
Added Component: Designator=R5(6-0805_M)
Add component. Clean all parameters for all variants
Add component (AddParameter): Name = "LatestRevisionDate"; Value = "17-Jul-2002"; VariantName = "[No Variations]"
Add component (AddParameter): Name = "LatestRevisionNote"; Value = "Re-released for DXP Platform."; VariantName = "[No Variations]"
Add component (AddParameter): Name = "PackageDescription"; Value = "Axial Device, Thru-Hole; 2 Leads; 0.3 in Pin Spacing"; VariantName = "[No Variations]"
Add component (AddParameter): Name = "PackageReference"; Value = "AXIAL-0.3"; VariantName = "[No Variations]"
Add component (AddParameter): Name = "Published"; Value = "8-Jun-2000"; VariantName = "[No Variations]"
Add component (AddParameter): Name = "Publisher"; Value = "Altium Limited"; VariantName = "[No Variations]"
Add component (AddParameter): Name = "Value"; Value = "1K"; VariantName = "[No Variations]"
Added Pin To Net: NetName=GND Pin=R5-1
Added Pin To Net: NetName=NetQ4_2 Pin=R5-2
Added Member To Class: ClassName=PowerLatch Member=Component R5 Res1
