\BOOKMARK [1][-]{section.1}{Einleitung}{}% 1
\BOOKMARK [1][-]{section.2}{Evaluation}{}% 2
\BOOKMARK [2][-]{subsection.2.1}{Energy harvesting}{section.2}% 3
\BOOKMARK [2][-]{subsection.2.2}{Wireless interface}{section.2}% 4
\BOOKMARK [1][-]{section.3}{Pflichtenheft}{}% 5
\BOOKMARK [2][-]{subsection.3.1}{Bestandesaufnahme}{section.3}% 6
\BOOKMARK [3][-]{subsubsection.3.1.1}{Funktionsweise des Systems}{subsection.3.1}% 7
\BOOKMARK [2][-]{subsection.3.2}{Anforderungen an das System}{section.3}% 8
\BOOKMARK [3][-]{subsubsection.3.2.1}{Funktionsablauf}{subsection.3.2}% 9
\BOOKMARK [1][-]{section.4}{Projektplan}{}% 10
\BOOKMARK [1][-]{section.5}{Hauptstudie}{}% 11
\BOOKMARK [1][-]{section.6}{Fazit}{}% 12
\BOOKMARK [1][-]{section.7}{Erkl\344rung zur Urheberschaft}{}% 13
\BOOKMARK [1][-]{section.8}{Verzeichnisse}{}% 14
\BOOKMARK [2][-]{subsection.8.1}{Abk\374rzungen}{section.8}% 15
\BOOKMARK [2][-]{subsection.8.2}{Gleichungen}{section.8}% 16
\BOOKMARK [2][-]{subsection.8.3}{List of Figures}{section.8}% 17
\BOOKMARK [2][-]{subsection.8.4}{List of Tables}{section.8}% 18
\BOOKMARK [2][-]{subsection.8.5}{Quellenverzeichnis}{section.8}% 19
\BOOKMARK [1][-]{subsection.8.5}{Anhang}{}% 20
\BOOKMARK [1][-]{appendix.A}{Anhang 2}{}% 21
