Change Component Designator: Old Designator=Cdd New Designator=Cdd?
Change Component Designator: Old Designator=Cff New Designator=Cff?
Change Component Designator: Old Designator=Cin New Designator=Cin?
Change Component Designator: Old Designator=CLDO New Designator=CLDO?
Change Component Designator: Old Designator=CNR New Designator=CNR?
Change Component Designator: Old Designator=Co1 New Designator=Co?
Change Component Designator: Old Designator=Co2 New Designator=Co?
Change Component Designator: Old Designator=Cout New Designator=Cout?
Change Component Designator: Old Designator=D1 New Designator=D?
Change Component Designator: Old Designator=L1 New Designator=L?
Change Component Designator: Old Designator=P1 New Designator=P?
Change Component Designator: Old Designator=P2 New Designator=P?
Change Component Designator: Old Designator=P3 New Designator=P?
Change Component Designator: Old Designator=P4 New Designator=P?
Change Component Designator: Old Designator=P5 New Designator=P?
Change Component Designator: Old Designator=Q1 New Designator=Q?
Change Component Designator: Old Designator=Q2 New Designator=Q?
Change Component Designator: Old Designator=Q3 New Designator=Q?
Change Component Designator: Old Designator=Q4 New Designator=Q?
Change Component Designator: Old Designator=Q5 New Designator=Q?
Change Component Designator: Old Designator=Q6 New Designator=Q?
Change Component Designator: Old Designator=R1 New Designator=R?
Change Component Designator: Old Designator=R2 New Designator=R?
Change Component Designator: Old Designator=R3 New Designator=R?
Change Component Designator: Old Designator=R4 New Designator=R?
Change Component Designator: Old Designator=R5 New Designator=R?
Change Component Designator: Old Designator=R6 New Designator=R?
Change Component Designator: Old Designator=R7 New Designator=R?
Change Component Designator: Old Designator=R8 New Designator=R?
Change Component Designator: Old Designator=Ren New Designator=Ren?
Change Component Designator: Old Designator=Rfbb New Designator=Rfbb?
Change Component Designator: Old Designator=Rfbt New Designator=Rfbt?
Change Component Designator: Old Designator=Rt New Designator=Rt?
Change Component Designator: Old Designator=U1 New Designator=U?
