Change Component Designator: Old Designator=Cdd? New Designator=Cdd1
Change Component Designator: Old Designator=Cff? New Designator=Cff1
Change Component Designator: Old Designator=Cin? New Designator=Cin1
Change Component Designator: Old Designator=Cin? New Designator=Cin2
Change Component Designator: Old Designator=CLDO? New Designator=CLDO1
Change Component Designator: Old Designator=CNR? New Designator=CNR1
Change Component Designator: Old Designator=Co? New Designator=Co1
Change Component Designator: Old Designator=Co? New Designator=Co2
Change Component Designator: Old Designator=Cout? New Designator=Cout1
Change Component Designator: Old Designator=D? New Designator=D1
Change Component Designator: Old Designator=D? New Designator=D2
Change Component Designator: Old Designator=L? New Designator=L1
Change Component Designator: Old Designator=P? New Designator=P1
Change Component Designator: Old Designator=P? New Designator=P2
Change Component Designator: Old Designator=P? New Designator=P3
Change Component Designator: Old Designator=P? New Designator=P4
Change Component Designator: Old Designator=P? New Designator=P5
Change Component Designator: Old Designator=Q? New Designator=Q1
Change Component Designator: Old Designator=Q? New Designator=Q2
Change Component Designator: Old Designator=Q? New Designator=Q3
Change Component Designator: Old Designator=Q? New Designator=Q4
Change Component Designator: Old Designator=Q? New Designator=Q5
Change Component Designator: Old Designator=Q? New Designator=Q6
Change Component Designator: Old Designator=Q? New Designator=Q7
Change Component Designator: Old Designator=Q? New Designator=Q8
Change Component Designator: Old Designator=R? New Designator=R1
Change Component Designator: Old Designator=R? New Designator=R2
Change Component Designator: Old Designator=R? New Designator=R3
Change Component Designator: Old Designator=R? New Designator=R4
Change Component Designator: Old Designator=R? New Designator=R5
Change Component Designator: Old Designator=R? New Designator=R6
Change Component Designator: Old Designator=R? New Designator=R7
Change Component Designator: Old Designator=R? New Designator=R8
Change Component Designator: Old Designator=R? New Designator=R9
Change Component Designator: Old Designator=R? New Designator=R10
Change Component Designator: Old Designator=Ren? New Designator=Ren1
Change Component Designator: Old Designator=Rfbb? New Designator=Rfbb1
Change Component Designator: Old Designator=Rfbt? New Designator=Rfbt1
Change Component Designator: Old Designator=Rt? New Designator=Rt1
Change Component Designator: Old Designator=U? New Designator=U1
