\BOOKMARK [0][-]{chapter*.6}{Abbreviations}{}% 1
\BOOKMARK [0][-]{chapter.1}{Introduction}{}% 2
\BOOKMARK [1][-]{section.1.1}{bla}{chapter.1}% 3
\BOOKMARK [0][-]{chapter.2}{Theory}{}% 4
\BOOKMARK [1][-]{section.2.1}{Microencapsulated Electrophoretic Displays}{chapter.2}% 5
\BOOKMARK [1][-]{section.2.2}{wake up interrupt}{chapter.2}% 6
\BOOKMARK [1][-]{section.2.3}{software grafik zeichen}{chapter.2}% 7
\BOOKMARK [0][-]{chapter.3}{Evaluation}{}% 8
\BOOKMARK [1][-]{section.3.1}{Wakeup Receiver}{chapter.3}% 9
\BOOKMARK [2][-]{subsection.3.1.1}{AS3933}{section.3.1}% 10
\BOOKMARK [2][-]{subsection.3.1.2}{RFicient}{section.3.1}% 11
\BOOKMARK [2][-]{subsection.3.1.3}{Test run in realistic environments}{section.3.1}% 12
\BOOKMARK [0][-]{chapter.4}{Development}{}% 13
\BOOKMARK [1][-]{section.4.1}{Overview}{chapter.4}% 14
\BOOKMARK [1][-]{section.4.2}{Hardware}{chapter.4}% 15
\BOOKMARK [2][-]{subsection.4.2.1}{Energy Harvesting}{section.4.2}% 16
\BOOKMARK [1][-]{section.4.3}{Software}{chapter.4}% 17
\BOOKMARK [0][-]{chapter.5}{Results}{}% 18
\BOOKMARK [0][-]{chapter.6}{Summary}{}% 19
\BOOKMARK [0][-]{chapter*.13}{Sources}{}% 20
\BOOKMARK [0][-]{chapter*.13}{List of figures}{}% 21
\BOOKMARK [0][-]{chapter*.14}{List of tables}{}% 22
\BOOKMARK [0][-]{chapter*.15}{Statement of Plagiarisms}{}% 23
\BOOKMARK [0][-]{appendix.A}{Requirements}{}% 24
\BOOKMARK [1][-]{section.A.1}{Assignment}{appendix.A}% 25
\BOOKMARK [1][-]{section.A.2}{Requirement Specification}{appendix.A}% 26
